[{"stream_name":"stderr","time":6.676093185,"data":"0.00s - Debugger warning: It seems that frozen modules are being used, which may\n"}
,{"stream_name":"stderr","time":6.676170357,"data":"0.00s - make the debugger miss breakpoints. Please pass -Xfrozen_modules=off\n"}
,{"stream_name":"stderr","time":6.676177079,"data":"0.00s - to python to disable frozen modules.\n"}
,{"stream_name":"stderr","time":6.676182864,"data":"0.00s - Note: Debugging will proceed. Set PYDEVD_DISABLE_FILE_VALIDATION=1 to disable this validation.\n"}
,{"stream_name":"stderr","time":7.271567941,"data":"0.00s - Debugger warning: It seems that frozen modules are being used, which may\n"}
,{"stream_name":"stderr","time":7.271605241,"data":"0.00s - make the debugger miss breakpoints. Please pass -Xfrozen_modules=off\n"}
,{"stream_name":"stderr","time":7.271609025,"data":"0.00s - to python to disable frozen modules.\n"}
,{"stream_name":"stderr","time":7.271611709,"data":"0.00s - Note: Debugging will proceed. Set PYDEVD_DISABLE_FILE_VALIDATION=1 to disable this validation.\n"}
,{"stream_name":"stdout","time":21.215417246,"data":"Device: cuda\n"}
,{"stream_name":"stdout","time":21.215461684,"data":"GPU: Tesla T4\n"}
,{"stream_name":"stdout","time":60.672181462,"data":"CSV found: /kaggle/input/datasets/hyunsungha/ff-multimodal-csv/FF_Multimodal.csv\n"}
,{"stream_name":"stdout","time":77.049141794,"data":"Image dirs found: 30 BATCH folders\n"}
,{"stream_name":"stdout","time":77.049195797,"data":"Base dirs: ['/kaggle/input/datasets/ramyharik/ff-2023-12-12-multi-modal-dataset-16']\n"}
,{"stream_name":"stdout","time":77.049203618,"data":"ON_KAGGLE: True\n"}
,{"stream_name":"stdout","time":77.049207851,"data":"Sensor features: 22\n"}
,{"stream_name":"stdout","time":77.251141216,"data":"Loading CSV...\n"}
,{"stream_name":"stdout","time":79.113458522,"data":"Raw shape: (166001, 51)\n"}
,{"stream_name":"stdout","time":79.113510499,"data":"Columns: ['time', 'Q_VFD1_Temperature', 'Q_VFD2_Temperature', 'Q_VFD3_Temperature', 'Q_VFD4_Temperature', 'M_Conv1_Speed_mmps', 'M_Conv2_Speed_mmps', 'M_Conv3_Speed_mmps', 'M_Conv4_Speed_mmps', 'I_R01_Gripper_Pot', 'I_R01_Gripper_Load', 'I_R02_Gripper_Pot', 'I_R02_Gripper_Load', 'I_R03_Gripper_Pot', 'I_R03_Gripper_Load', 'I_R04_Gripper_Pot', 'I_R04_Gripper_Load', 'M_R01_SJointAngle_Degree', 'M_R01_LJointAngle_Degree', 'M_R01_UJointAngle_Degree', 'M_R01_RJointAngle_Degree', 'M_R01_BJointAngle_Degree', 'M_R01_TJointAngle_Degree', 'M_R02_SJointAngle_Degree', 'M_R02_LJointAngle_Degree', 'M_R02_UJointAngle_Degree', 'M_R02_RJointAngle_Degree', 'M_R02_BJointAngle_Degree', 'M_R02_TJointAngle_Degree', 'M_R03_SJointAngle_Degree', 'M_R03_LJointAngle_Degree', 'M_R03_UJointAngle_Degree', 'M_R03_RJointAngle_Degree', 'M_R03_BJointAngle_Degree', 'M_R03_TJointAngle_Degree', 'M_R04_SJointAngle_Degree', 'M_R04_LJointAngle_Degree', 'M_R04_UJointAngle_Degree', 'M_R04_RJointAngle_Degree', 'M_R04_BJointAngle_Degree', 'M_R04_TJointAngle_Degree', 'I_SafetyDoor1_Status', 'I_SafetyDoor2_Status', 'Q_Cell_CycleCount', 'I_MHS_GreenRocketTray', 'Cam1', 'Cam2', 'Description', 'CycleState', 'Cycle_Count_New', 'actual_state']\n"}
,{"stream_name":"stdout","time":79.360942176,"data":"Cleaned shape: (165932, 53)\n"}
,{"stream_name":"stdout","time":79.361003338,"data":"\n"}
,{"stream_name":"stdout","time":79.361008304,"data":"Classes (5): ['NoBody1', 'NoNose', 'NoNose_NoBody2', 'NoNose_NoBody2_NoBody1', 'Normal']\n"}
,{"stream_name":"stdout","time":79.361011822,"data":"\n"}
,{"stream_name":"stdout","time":79.361014958,"data":"Label distribution:\n"}
,{"stream_name":"stdout","time":79.361018224,"data":"label\n"}
,{"stream_name":"stdout","time":79.361055984,"data":"Normal                    90775\n"}
,{"stream_name":"stdout","time":79.361064424,"data":"NoNose_NoBody2_NoBody1    26628\n"}
,{"stream_name":"stdout","time":79.361087764,"data":"NoNose_NoBody2            25206\n"}
,{"stream_name":"stdout","time":79.361091908,"data":"NoNose                    19307\n"}
,{"stream_name":"stdout","time":79.361095496,"data":"NoBody1                    4016\n"}
,{"stream_name":"stdout","time":79.361099184,"data":"Name: count, dtype: int64\n"}
,{"stream_name":"stdout","time":80.581669203,"data":"Train: 132950 samples (228 cycles)\n"}
,{"stream_name":"stdout","time":80.581710516,"data":"Test:  32982 samples (57 cycles)\n"}
,{"stream_name":"stdout","time":80.581716042,"data":"\n"}
,{"stream_name":"stdout","time":80.581719925,"data":"Train labels:\n"}
,{"stream_name":"stdout","time":80.581723937,"data":"label\n"}
,{"stream_name":"stdout","time":80.58172765,"data":"Normal                    73230\n"}
,{"stream_name":"stdout","time":80.581731855,"data":"NoNose_NoBody2_NoBody1    22146\n"}
,{"stream_name":"stdout","time":80.581735811,"data":"NoNose_NoBody2            20262\n"}
,{"stream_name":"stdout","time":80.581739283,"data":"NoNose                    13987\n"}
,{"stream_name":"stdout","time":80.581742806,"data":"NoBody1                    3325\n"}
,{"stream_name":"stdout","time":80.581746388,"data":"Name: count, dtype: int64\n"}
,{"stream_name":"stdout","time":80.581750216,"data":"\n"}
,{"stream_name":"stdout","time":80.581753827,"data":"Test labels:\n"}
,{"stream_name":"stdout","time":80.581758019,"data":"label\n"}
,{"stream_name":"stdout","time":80.581761548,"data":"Normal                    17545\n"}
,{"stream_name":"stdout","time":80.581765212,"data":"NoNose                     5320\n"}
,{"stream_name":"stdout","time":80.581769139,"data":"NoNose_NoBody2             4944\n"}
,{"stream_name":"stdout","time":80.581772923,"data":"NoNose_NoBody2_NoBody1     4482\n"}
,{"stream_name":"stdout","time":80.581776802,"data":"NoBody1                     691\n"}
,{"stream_name":"stdout","time":80.581780429,"data":"Name: count, dtype: int64\n"}
,{"stream_name":"stdout","time":80.779933394,"data":"Creating sequences...\n"}
,{"stream_name":"stdout","time":81.272901089,"data":"Train: (121550, 50, 22)  Test: (30132, 50, 22)\n"}
,{"stream_name":"stdout","time":81.272971113,"data":"\n"}
,{"stream_name":"stdout","time":81.272977337,"data":"Class weights: [3.4095005989074707, 0.6262698173522949, 0.43077296018600464, 0.3941263258457184, 0.1393299102783203]\n"}
,{"stream_name":"stdout","time":97.045787128,"data":"BATCH folders found: 30\n"}
,{"stream_name":"stdout","time":97.045845138,"data":"Base directories: ['/kaggle/input/datasets/ramyharik/ff-2023-12-12-multi-modal-dataset-16']\n"}
,{"stream_name":"stdout","time":97.045850541,"data":"\n"}
,{"stream_name":"stdout","time":97.045853714,"data":"Image-eligible rows (state 4,9): 53881\n"}
,{"stream_name":"stdout","time":97.045857204,"data":"Sample test: 10/10 images matched\n"}
,{"stream_name":"stdout","time":97.045860381,"data":"Resolving all image paths...\n"}
,{"stream_name":"stdout","time":98.54027869,"data":"Total found: 9542 / 53881\n"}
,{"stream_name":"stdout","time":98.540327282,"data":"Image dataset ready: 9542 samples\n"}
,{"stream_name":"stdout","time":98.540331881,"data":"\n"}
,{"stream_name":"stdout","time":98.540335113,"data":"HAS_IMAGES = True\n"}
,{"stream_name":"stdout","time":98.574989607,"data":"Dataset classes defined.\n"}
,{"stream_name":"stdout","time":98.618514138,"data":"Models defined.\n"}
,{"stream_name":"stdout","time":98.657701099,"data":"Training functions ready.\n"}
,{"stream_name":"stdout","time":99.207097105,"data":"\n"}
,{"stream_name":"stdout","time":99.207144814,"data":"============================================================\n"}
,{"stream_name":"stdout","time":99.207149088,"data":" sensor_bilstm | Trainable params: 567,685\n"}
,{"stream_name":"stdout","time":99.207165168,"data":"============================================================\n"}
,{"stream_name":"stdout","time":119.018154278,"data":"Epoch  1/20 | Train Loss: 0.3396 Acc: 0.8768 | Val Loss: 0.3843 F1: 0.9043 | 19.8s\n"}
,{"stream_name":"stdout","time":137.85063326,"data":"Epoch  2/20 | Train Loss: 0.1948 Acc: 0.9331 | Val Loss: 0.3522 F1: 0.9081 | 18.8s\n"}
,{"stream_name":"stdout","time":156.781907616,"data":"Epoch  3/20 | Train Loss: 0.1575 Acc: 0.9472 | Val Loss: 0.3732 F1: 0.9079 | 18.9s\n"}
,{"stream_name":"stdout","time":175.572910536,"data":"Epoch  4/20 | Train Loss: 0.1339 Acc: 0.9554 | Val Loss: 0.3659 F1: 0.9045 | 18.8s\n"}
,{"stream_name":"stdout","time":194.37246343,"data":"Epoch  5/20 | Train Loss: 0.1148 Acc: 0.9627 | Val Loss: 0.3308 F1: 0.9108 | 18.8s\n"}
,{"stream_name":"stdout","time":213.107192363,"data":"Epoch  6/20 | Train Loss: 0.0977 Acc: 0.9690 | Val Loss: 0.4298 F1: 0.9053 | 18.7s\n"}
,{"stream_name":"stdout","time":231.941164416,"data":"Epoch  7/20 | Train Loss: 0.0811 Acc: 0.9748 | Val Loss: 0.4862 F1: 0.8967 | 18.8s\n"}
,{"stream_name":"stdout","time":250.75804838,"data":"Epoch  8/20 | Train Loss: 0.0716 Acc: 0.9801 | Val Loss: 0.5760 F1: 0.9025 | 18.8s\n"}
,{"stream_name":"stdout","time":269.226061731,"data":"Epoch  9/20 | Train Loss: 0.0652 Acc: 0.9824 | Val Loss: 0.5823 F1: 0.8939 | 18.5s\n"}
,{"stream_name":"stdout","time":288.075402455,"data":"Epoch 10/20 | Train Loss: 0.0596 Acc: 0.9850 | Val Loss: 0.4942 F1: 0.9123 | 18.8s\n"}
,{"stream_name":"stdout","time":306.671983777,"data":"Epoch 11/20 | Train Loss: 0.0577 Acc: 0.9857 | Val Loss: 0.5744 F1: 0.9025 | 18.6s\n"}
,{"stream_name":"stdout","time":325.403807976,"data":"Epoch 12/20 | Train Loss: 0.0288 Acc: 0.9933 | Val Loss: 0.5639 F1: 0.9121 | 18.7s\n"}
,{"stream_name":"stdout","time":344.299852894,"data":"Epoch 13/20 | Train Loss: 0.0283 Acc: 0.9935 | Val Loss: 0.5499 F1: 0.9121 | 18.9s\n"}
,{"stream_name":"stdout","time":363.21769357,"data":"Epoch 14/20 | Train Loss: 0.0314 Acc: 0.9934 | Val Loss: 0.6915 F1: 0.9000 | 18.9s\n"}
,{"stream_name":"stdout","time":382.016796555,"data":"Epoch 15/20 | Train Loss: 0.0329 Acc: 0.9931 | Val Loss: 0.6024 F1: 0.9131 | 18.8s\n"}
,{"stream_name":"stdout","time":401.084055879,"data":"Epoch 16/20 | Train Loss: 0.0308 Acc: 0.9932 | Val Loss: 0.6069 F1: 0.9125 | 19.1s\n"}
,{"stream_name":"stdout","time":419.934906859,"data":"Epoch 17/20 | Train Loss: 0.0332 Acc: 0.9930 | Val Loss: 0.5157 F1: 0.9163 | 18.9s\n"}
,{"stream_name":"stdout","time":438.893958022,"data":"Epoch 18/20 | Train Loss: 0.0155 Acc: 0.9964 | Val Loss: 0.5606 F1: 0.9215 | 18.9s\n"}
,{"stream_name":"stdout","time":457.753063791,"data":"Epoch 19/20 | Train Loss: 0.0164 Acc: 0.9964 | Val Loss: 0.7265 F1: 0.9110 | 18.9s\n"}
,{"stream_name":"stdout","time":476.577423799,"data":"Epoch 20/20 | Train Loss: 0.0187 Acc: 0.9963 | Val Loss: 0.5891 F1: 0.9188 | 18.8s\n"}
,{"stream_name":"stdout","time":478.25458014,"data":"\n"}
,{"stream_name":"stdout","time":478.25462452,"data":"--- sensor_bilstm Final Results ---\n"}
,{"stream_name":"stdout","time":478.254630184,"data":"Accuracy:  0.9224\n"}
,{"stream_name":"stdout","time":478.254633929,"data":"Precision: 0.9225\n"}
,{"stream_name":"stdout","time":478.254637186,"data":"Recall:    0.9224\n"}
,{"stream_name":"stdout","time":478.25464082,"data":"F1-Score:  0.9215\n"}
,{"stream_name":"stdout","time":478.254644095,"data":"                        precision    recall  f1-score   support\n"}
,{"stream_name":"stdout","time":478.254662599,"data":"\n"}
,{"stream_name":"stdout","time":478.254665275,"data":"               NoBody1       0.88      0.96      0.92       529\n"}
,{"stream_name":"stdout","time":478.25466797,"data":"                NoNose       0.91      0.96      0.94      5320\n"}
,{"stream_name":"stdout","time":478.254670522,"data":"        NoNose_NoBody2       0.88      0.95      0.91      4944\n"}
,{"stream_name":"stdout","time":478.254673042,"data":"NoNose_NoBody2_NoBody1       0.87      0.76      0.81      4482\n"}
,{"stream_name":"stdout","time":478.254675521,"data":"                Normal       0.96      0.95      0.95     14857\n"}
,{"stream_name":"stdout","time":478.254678102,"data":"\n"}
,{"stream_name":"stdout","time":478.254680453,"data":"              accuracy                           0.92     30132\n"}
,{"stream_name":"stdout","time":478.25468294,"data":"             macro avg       0.90      0.92      0.91     30132\n"}
,{"stream_name":"stdout","time":478.254685462,"data":"          weighted avg       0.92      0.92      0.92     30132\n"}
,{"stream_name":"stdout","time":478.254688125,"data":"\n"}
,{"stream_name":"stdout","time":478.446833928,"data":"이미지 클래스 분포: {np.int64(4): 1141, np.int64(1): 4245, np.int64(2): 1810}\n"}
,{"stream_name":"stdout","time":478.446871729,"data":"이미지 전용 class weights: [2.4979212284088135, 0.0005884384736418724, 0.0013800669694319367, 2.4979212284088135, 0.002189238555729389]\n"}
,{"stream_name":"stdout","time":478.501186377,"data":"Downloading: \"https://download.pytorch.org/models/resnet18-f37072fd.pth\" to /root/.cache/torch/hub/checkpoints/resnet18-f37072fd.pth\n"}
,{"stream_name":"stderr","time":478.554164371,"data":"\r  0%|          | 0.00/44.7M [00:00\u003c?, ?B/s]\n"}
,{"stream_name":"stderr","time":478.656092644,"data":"\r  0%|          | 0.00/44.7M [00:00\u003c?, ?B/s]\r 18%|█▊        | 8.12M/44.7M [00:00\u003c00:00, 84.9MB/s]\n"}
,{"stream_name":"stderr","time":478.756065311,"data":"\r 18%|█▊        | 8.12M/44.7M [00:00\u003c00:00, 84.9MB/s]\r 60%|█████▉    | 26.8M/44.7M [00:00\u003c00:00, 150MB/s] \n"}
,{"stream_name":"stderr","time":478.851171997,"data":"\r 60%|█████▉    | 26.8M/44.7M [00:00\u003c00:00, 150MB/s] \r100%|██████████| 44.7M/44.7M [00:00\u003c00:00, 158MB/s]\n"}
,{"stream_name":"stderr","time":478.856039984,"data":"\r100%|██████████| 44.7M/44.7M [00:00\u003c00:00, 158MB/s]\n"}
,{"stream_name":"stderr","time":478.856065137,"data":"\n"}
,{"stream_name":"stderr","time":478.856069815,"data":"\n"}
,{"stream_name":"stdout","time":478.915669212,"data":"\n"}
,{"stream_name":"stdout","time":478.915697669,"data":"============================================================\n"}
,{"stream_name":"stdout","time":478.915702539,"data":" image_resnet18 | Trainable params: 11,242,821\n"}
,{"stream_name":"stdout","time":478.915706579,"data":"============================================================\n"}
,{"stream_name":"stdout","time":650.29678863,"data":"Epoch  1/20 | Train Loss: 0.9326 Acc: 0.4539 | Val Loss: 0.4944 F1: 0.7621 | 171.3s\n"}
,{"stream_name":"stdout","time":783.602995491,"data":"Epoch  2/20 | Train Loss: 0.3690 Acc: 0.8214 | Val Loss: 0.1328 F1: 0.9439 | 133.2s\n"}
,{"stream_name":"stdout","time":917.268823713,"data":"Epoch  3/20 | Train Loss: 0.2488 Acc: 0.9094 | Val Loss: 1.5563 F1: 0.7314 | 133.7s\n"}
,{"stream_name":"stdout","time":1048.955330423,"data":"Epoch  4/20 | Train Loss: 0.2047 Acc: 0.9380 | Val Loss: 0.0686 F1: 0.9937 | 131.6s\n"}
,{"stream_name":"stdout","time":1180.537185634,"data":"Epoch  5/20 | Train Loss: 0.1868 Acc: 0.9422 | Val Loss: 0.3101 F1: 0.9153 | 131.6s\n"}
,{"stream_name":"stdout","time":1311.004398335,"data":"Epoch  6/20 | Train Loss: 0.1826 Acc: 0.9479 | Val Loss: 0.1086 F1: 0.9862 | 130.5s\n"}
,{"stream_name":"stdout","time":1443.403471226,"data":"Epoch  7/20 | Train Loss: 0.1767 Acc: 0.9497 | Val Loss: 0.0534 F1: 0.9962 | 132.3s\n"}
,{"stream_name":"stdout","time":1575.035421975,"data":"Epoch  8/20 | Train Loss: 0.1607 Acc: 0.9566 | Val Loss: 0.1402 F1: 0.9669 | 131.6s\n"}
,{"stream_name":"stdout","time":1709.338614207,"data":"Epoch  9/20 | Train Loss: 0.1506 Acc: 0.9600 | Val Loss: 0.0359 F1: 0.9940 | 134.3s\n"}
,{"stream_name":"stdout","time":1842.688696345,"data":"Epoch 10/20 | Train Loss: 0.1479 Acc: 0.9614 | Val Loss: 0.7942 F1: 0.8796 | 133.4s\n"}
,{"stream_name":"stdout","time":1973.936167964,"data":"Epoch 11/20 | Train Loss: 0.0947 Acc: 0.9703 | Val Loss: 0.0563 F1: 0.9808 | 131.2s\n"}
,{"stream_name":"stdout","time":2107.702989614,"data":"Epoch 12/20 | Train Loss: 0.0723 Acc: 0.9768 | Val Loss: 0.3510 F1: 0.9208 | 133.8s\n"}
,{"stream_name":"stdout","time":2240.103546602,"data":"Epoch 13/20 | Train Loss: 0.0267 Acc: 0.9912 | Val Loss: 0.4037 F1: 0.9296 | 132.4s\n"}
,{"stream_name":"stdout","time":2372.40113189,"data":"Epoch 14/20 | Train Loss: 0.0251 Acc: 0.9914 | Val Loss: 0.2048 F1: 0.9418 | 132.3s\n"}
,{"stream_name":"stdout","time":2504.493457198,"data":"Epoch 15/20 | Train Loss: 0.0188 Acc: 0.9953 | Val Loss: 0.2837 F1: 0.9393 | 132.1s\n"}
,{"stream_name":"stdout","time":2636.632494267,"data":"Epoch 16/20 | Train Loss: 0.0081 Acc: 0.9969 | Val Loss: 0.4253 F1: 0.9326 | 132.1s\n"}
,{"stream_name":"stdout","time":2769.511949451,"data":"Epoch 17/20 | Train Loss: 0.0053 Acc: 0.9978 | Val Loss: 0.3276 F1: 0.9341 | 132.8s\n"}
,{"stream_name":"stdout","time":2769.511990042,"data":"Early stopping at epoch 17\n"}
,{"stream_name":"stdout","time":2800.379134351,"data":"\n"}
,{"stream_name":"stdout","time":2800.379165195,"data":"--- image_resnet18 Final Results ---\n"}
,{"stream_name":"stdout","time":2800.379171919,"data":"Accuracy:  0.9962\n"}
,{"stream_name":"stdout","time":2800.379177466,"data":"Precision: 0.9962\n"}
,{"stream_name":"stdout","time":2800.379182462,"data":"Recall:    0.9962\n"}
,{"stream_name":"stdout","time":2800.379187081,"data":"F1-Score:  0.9962\n"}
,{"stream_name":"stdout","time":2800.379191634,"data":"                        precision    recall  f1-score   support\n"}
,{"stream_name":"stdout","time":2800.379196199,"data":"\n"}
,{"stream_name":"stdout","time":2800.379200583,"data":"               NoBody1       0.00      0.00      0.00         0\n"}
,{"stream_name":"stdout","time":2800.379206901,"data":"                NoNose       1.00      1.00      1.00      1704\n"}
,{"stream_name":"stdout","time":2800.379214244,"data":"        NoNose_NoBody2       0.99      0.99      0.99       334\n"}
,{"stream_name":"stdout","time":2800.379217371,"data":"NoNose_NoBody2_NoBody1       0.00      0.00      0.00         0\n"}
,{"stream_name":"stdout","time":2800.379220492,"data":"                Normal       1.00      1.00      1.00       308\n"}
,{"stream_name":"stdout","time":2800.379223577,"data":"\n"}
,{"stream_name":"stdout","time":2800.379226579,"data":"              accuracy                           1.00      2346\n"}
,{"stream_name":"stdout","time":2800.379229772,"data":"             macro avg       0.60      0.60      0.60      2346\n"}
,{"stream_name":"stdout","time":2800.379232996,"data":"          weighted avg       1.00      1.00      1.00      2346\n"}
,{"stream_name":"stdout","time":2800.379236298,"data":"\n"}
,{"stream_name":"stdout","time":2800.575038823,"data":"Creating multimodal dataset...\n"}
,{"stream_name":"stdout","time":2801.387569739,"data":"Train: (39624, 50, 22), images: 6733\n"}
,{"stream_name":"stdout","time":2801.387640514,"data":"Test:  (9521, 50, 22), images: 2161\n"}
,{"stream_name":"stdout","time":2801.387645627,"data":"Fusion class dist: {4: 20342, 1: 4579, 2: 6871, 0: 328, 3: 7504}\n"}
,{"stream_name":"stdout","time":2801.387648166,"data":"Fusion class weights: [4.240153789520264, 0.3037279546260834, 0.20241163671016693, 0.18533720076084137, 0.06836940348148346]\n"}
,{"stream_name":"stdout","time":2801.431691068,"data":"\n"}
,{"stream_name":"stdout","time":2801.431726438,"data":"============================================================\n"}
,{"stream_name":"stdout","time":2801.431731094,"data":" fusion_dlf | Trainable params: 198,149\n"}
,{"stream_name":"stdout","time":2801.431735008,"data":"============================================================\n"}
,{"stream_name":"stdout","time":2953.951273505,"data":"Epoch  1/20 | Train Loss: 0.0618 Acc: 0.9891 | Val Loss: 0.9826 F1: 0.8673 | 152.4s\n"}
,{"stream_name":"stdout","time":3105.369861363,"data":"Epoch  2/20 | Train Loss: 0.0283 Acc: 0.9936 | Val Loss: 1.0269 F1: 0.8662 | 151.4s\n"}
,{"stream_name":"stdout","time":3258.607290326,"data":"Epoch  3/20 | Train Loss: 0.0284 Acc: 0.9939 | Val Loss: 1.0261 F1: 0.8696 | 153.1s\n"}
,{"stream_name":"stdout","time":3414.025705484,"data":"Epoch  4/20 | Train Loss: 0.0300 Acc: 0.9935 | Val Loss: 1.0595 F1: 0.8694 | 155.4s\n"}
,{"stream_name":"stdout","time":3568.031720117,"data":"Epoch  5/20 | Train Loss: 0.0270 Acc: 0.9938 | Val Loss: 1.1130 F1: 0.8677 | 154.0s\n"}
,{"stream_name":"stdout","time":3721.693884461,"data":"Epoch  6/20 | Train Loss: 0.0385 Acc: 0.9942 | Val Loss: 0.9557 F1: 0.8652 | 153.7s\n"}
,{"stream_name":"stdout","time":3877.938799699,"data":"Epoch  7/20 | Train Loss: 0.0284 Acc: 0.9938 | Val Loss: 1.0219 F1: 0.8666 | 156.2s\n"}
,{"stream_name":"stdout","time":4034.877228067,"data":"Epoch  8/20 | Train Loss: 0.0274 Acc: 0.9942 | Val Loss: 1.0550 F1: 0.8636 | 156.9s\n"}
,{"stream_name":"stdout","time":4190.235201289,"data":"Epoch  9/20 | Train Loss: 0.0237 Acc: 0.9942 | Val Loss: 1.0775 F1: 0.8701 | 155.2s\n"}
,{"stream_name":"stdout","time":4345.872083555,"data":"Epoch 10/20 | Train Loss: 0.0265 Acc: 0.9943 | Val Loss: 1.0353 F1: 0.8688 | 155.6s\n"}
,{"stream_name":"stdout","time":4499.8611785,"data":"Epoch 11/20 | Train Loss: 0.0309 Acc: 0.9941 | Val Loss: 1.1375 F1: 0.8636 | 154.0s\n"}
,{"stream_name":"stdout","time":4654.181212522,"data":"Epoch 12/20 | Train Loss: 0.0300 Acc: 0.9935 | Val Loss: 1.0280 F1: 0.8672 | 154.3s\n"}
,{"stream_name":"stdout","time":4808.997073286,"data":"Epoch 13/20 | Train Loss: 0.0219 Acc: 0.9949 | Val Loss: 0.9617 F1: 0.8633 | 154.8s\n"}
,{"stream_name":"stdout","time":4963.791815116,"data":"Epoch 14/20 | Train Loss: 0.0244 Acc: 0.9950 | Val Loss: 1.0053 F1: 0.8685 | 154.8s\n"}
,{"stream_name":"stdout","time":5117.926045088,"data":"Epoch 15/20 | Train Loss: 0.0232 Acc: 0.9952 | Val Loss: 0.9023 F1: 0.8674 | 154.1s\n"}
,{"stream_name":"stdout","time":5273.922229026,"data":"Epoch 16/20 | Train Loss: 0.0236 Acc: 0.9946 | Val Loss: 0.9358 F1: 0.8649 | 156.0s\n"}
,{"stream_name":"stdout","time":5430.05277131,"data":"Epoch 17/20 | Train Loss: 0.0216 Acc: 0.9947 | Val Loss: 0.9750 F1: 0.8691 | 156.1s\n"}
,{"stream_name":"stdout","time":5583.441752492,"data":"Epoch 18/20 | Train Loss: 0.0187 Acc: 0.9952 | Val Loss: 1.0408 F1: 0.8671 | 153.4s\n"}
,{"stream_name":"stdout","time":5736.734727239,"data":"Epoch 19/20 | Train Loss: 0.0231 Acc: 0.9951 | Val Loss: 0.9401 F1: 0.8675 | 153.2s\n"}
,{"stream_name":"stdout","time":5736.734766645,"data":"Early stopping at epoch 19\n"}
,{"stream_name":"stdout","time":5773.863664225,"data":"\n"}
,{"stream_name":"stdout","time":5773.86369995,"data":"--- fusion_dlf Final Results ---\n"}
,{"stream_name":"stdout","time":5773.863714609,"data":"Accuracy:  0.8746\n"}
,{"stream_name":"stdout","time":5773.863733187,"data":"Precision: 0.8689\n"}
,{"stream_name":"stdout","time":5773.863737145,"data":"Recall:    0.8746\n"}
,{"stream_name":"stdout","time":5773.863740934,"data":"F1-Score:  0.8701\n"}
,{"stream_name":"stdout","time":5773.863744934,"data":"                        precision    recall  f1-score   support\n"}
,{"stream_name":"stdout","time":5773.863749047,"data":"\n"}
,{"stream_name":"stdout","time":5773.863752724,"data":"               NoBody1       0.76      0.60      0.67        57\n"}
,{"stream_name":"stdout","time":5773.863756266,"data":"                NoNose       0.98      0.98      0.98      1704\n"}
,{"stream_name":"stdout","time":5773.863759656,"data":"        NoNose_NoBody2       0.82      0.92      0.87      1670\n"}
,{"stream_name":"stdout","time":5773.863763152,"data":"NoNose_NoBody2_NoBody1       0.66      0.53      0.59      1480\n"}
,{"stream_name":"stdout","time":5773.863766635,"data":"                Normal       0.92      0.93      0.92      4610\n"}
,{"stream_name":"stdout","time":5773.863770147,"data":"\n"}
,{"stream_name":"stdout","time":5773.863773393,"data":"              accuracy                           0.87      9521\n"}
,{"stream_name":"stdout","time":5773.863782117,"data":"             macro avg       0.83      0.79      0.81      9521\n"}
,{"stream_name":"stdout","time":5773.863785054,"data":"          weighted avg       0.87      0.87      0.87      9521\n"}
,{"stream_name":"stdout","time":5773.863787461,"data":"\n"}
,{"stream_name":"stdout","time":5773.879849732,"data":"\n"}
,{"stream_name":"stdout","time":5773.879876145,"data":"============================================================\n"}
,{"stream_name":"stdout","time":5773.879881092,"data":" fusion_crossattn | Trainable params: 593,413\n"}
,{"stream_name":"stdout","time":5773.879885114,"data":"============================================================\n"}
,{"stream_name":"stdout","time":5928.934660931,"data":"Epoch  1/20 | Train Loss: 0.0528 Acc: 0.9915 | Val Loss: 0.9807 F1: 0.8688 | 155.0s\n"}
,{"stream_name":"stdout","time":6084.193561733,"data":"Epoch  2/20 | Train Loss: 0.0240 Acc: 0.9946 | Val Loss: 1.0123 F1: 0.8682 | 155.3s\n"}
,{"stream_name":"stdout","time":6237.106749899,"data":"Epoch  3/20 | Train Loss: 0.0236 Acc: 0.9947 | Val Loss: 0.9915 F1: 0.8681 | 152.9s\n"}
,{"stream_name":"stdout","time":6391.346505279,"data":"Epoch  4/20 | Train Loss: 0.0228 Acc: 0.9952 | Val Loss: 0.9796 F1: 0.8653 | 154.2s\n"}
,{"stream_name":"stdout","time":6544.911582765,"data":"Epoch  5/20 | Train Loss: 0.0244 Acc: 0.9945 | Val Loss: 1.0032 F1: 0.8622 | 153.6s\n"}
,{"stream_name":"stdout","time":6699.481823906,"data":"Epoch  6/20 | Train Loss: 0.0223 Acc: 0.9950 | Val Loss: 1.0659 F1: 0.8668 | 154.6s\n"}
,{"stream_name":"stdout","time":6854.002243314,"data":"Epoch  7/20 | Train Loss: 0.0247 Acc: 0.9946 | Val Loss: 1.0159 F1: 0.8658 | 154.5s\n"}
,{"stream_name":"stdout","time":7007.627685793,"data":"Epoch  8/20 | Train Loss: 0.0227 Acc: 0.9951 | Val Loss: 1.0349 F1: 0.8648 | 153.6s\n"}
,{"stream_name":"stdout","time":7161.313560096,"data":"Epoch  9/20 | Train Loss: 0.0211 Acc: 0.9949 | Val Loss: 1.0248 F1: 0.8647 | 153.7s\n"}
,{"stream_name":"stdout","time":7317.176170656,"data":"Epoch 10/20 | Train Loss: 0.0206 Acc: 0.9951 | Val Loss: 1.0648 F1: 0.8676 | 155.9s\n"}
,{"stream_name":"stdout","time":7471.689692302,"data":"Epoch 11/20 | Train Loss: 0.0199 Acc: 0.9949 | Val Loss: 1.0212 F1: 0.8687 | 154.4s\n"}
,{"stream_name":"stdout","time":7471.689731552,"data":"Early stopping at epoch 11\n"}
,{"stream_name":"stdout","time":7510.424707152,"data":"\n"}
,{"stream_name":"stdout","time":7510.424750208,"data":"--- fusion_crossattn Final Results ---\n"}
,{"stream_name":"stdout","time":7510.424753648,"data":"Accuracy:  0.8732\n"}
,{"stream_name":"stdout","time":7510.424756049,"data":"Precision: 0.8678\n"}
,{"stream_name":"stdout","time":7510.424758509,"data":"Recall:    0.8732\n"}
,{"stream_name":"stdout","time":7510.424760761,"data":"F1-Score:  0.8688\n"}
,{"stream_name":"stdout","time":7510.424763085,"data":"                        precision    recall  f1-score   support\n"}
,{"stream_name":"stdout","time":7510.424765441,"data":"\n"}
,{"stream_name":"stdout","time":7510.424767655,"data":"               NoBody1       0.75      0.63      0.69        57\n"}
,{"stream_name":"stdout","time":7510.424770116,"data":"                NoNose       0.97      0.97      0.97      1704\n"}
,{"stream_name":"stdout","time":7510.424772435,"data":"        NoNose_NoBody2       0.82      0.92      0.87      1670\n"}
,{"stream_name":"stdout","time":7510.424774846,"data":"NoNose_NoBody2_NoBody1       0.67      0.54      0.59      1480\n"}
,{"stream_name":"stdout","time":7510.424777246,"data":"                Normal       0.92      0.93      0.92      4610\n"}
,{"stream_name":"stdout","time":7510.424779568,"data":"\n"}
,{"stream_name":"stdout","time":7510.424781747,"data":"              accuracy                           0.87      9521\n"}
,{"stream_name":"stdout","time":7510.424784023,"data":"             macro avg       0.82      0.80      0.81      9521\n"}
,{"stream_name":"stdout","time":7510.424786316,"data":"          weighted avg       0.87      0.87      0.87      9521\n"}
,{"stream_name":"stdout","time":7510.424788637,"data":"\n"}
,{"stream_name":"stdout","time":7547.596803428,"data":"\n"}
,{"stream_name":"stdout","time":7547.596855781,"data":"========================================================================\n"}
,{"stream_name":"stdout","time":7547.596863704,"data":" FAIR COMPARISON  (all models on the SAME cycle 4·9 test set)\n"}
,{"stream_name":"stdout","time":7547.596870149,"data":"========================================================================\n"}
,{"stream_name":"stdout","time":7547.59687553,"data":"Model                           Accuracy Precision    Recall        F1\n"}
,{"stream_name":"stdout","time":7547.596880247,"data":"------------------------------------------------------------------------\n"}
,{"stream_name":"stdout","time":7547.596884881,"data":"Sensor@cyc4_9                     0.8763    0.8707    0.8763    0.8710\n"}
,{"stream_name":"stdout","time":7547.596889443,"data":"Image@cyc4_9                      0.6793    0.5912    0.6793    0.5918\n"}
,{"stream_name":"stdout","time":7547.596894002,"data":"Fusion-Concat                     0.8746    0.8689    0.8746    0.8701\n"}
,{"stream_name":"stdout","time":7547.59690029,"data":"Fusion-CrossAttn                  0.8732    0.8678    0.8732    0.8688\n"}
,{"stream_name":"stdout","time":7547.596907394,"data":"========================================================================\n"}
,{"stream_name":"stdout","time":7547.596910687,"data":"\n"}
,{"stream_name":"stdout","time":7547.596913663,"data":"[GOAL] 센서@cyc4_9 F1=0.8710 | best Fusion F1=0.8701 | not yet\n"}
,{"stream_name":"stdout","time":7549.449166885,"data":"\n"}
,{"stream_name":"stdout","time":7549.449197891,"data":"======================================================================\n"}
,{"stream_name":"stdout","time":7549.449204171,"data":" FINAL RESULTS SUMMARY\n"}
,{"stream_name":"stdout","time":7549.449208971,"data":"======================================================================\n"}
,{"stream_name":"stdout","time":7549.449213706,"data":"Model                       Accuracy  Precision     Recall         F1\n"}
,{"stream_name":"stdout","time":7549.449232286,"data":"----------------------------------------------------------------------\n"}
,{"stream_name":"stdout","time":7549.449236252,"data":"Sensor (BiLSTM)               0.9224     0.9225     0.9224     0.9215\n"}
,{"stream_name":"stdout","time":7549.449239817,"data":"Image (ResNet18)              0.9962     0.9962     0.9962     0.9962\n"}
,{"stream_name":"stdout","time":7549.449243491,"data":"Fusion-Concat                 0.8746     0.8689     0.8746     0.8701\n"}
,{"stream_name":"stdout","time":7549.449247241,"data":"Fusion-CrossAttn              0.8732     0.8678     0.8732     0.8688\n"}
,{"stream_name":"stdout","time":7549.449250785,"data":"======================================================================\n"}
,{"stream_name":"stdout","time":7549.449254568,"data":"\n"}
,{"stream_name":"stdout","time":7549.449258103,"data":"Done!\n"}
,{"stream_name":"stderr","time":7555.436346901,"data":"/usr/local/lib/python3.12/dist-packages/mistune.py:435: SyntaxWarning: invalid escape sequence '\\|'\n"}
,{"stream_name":"stderr","time":7555.436383546,"data":"  cells[i][c] = re.sub('\\\\\\\\\\|', '|', cell)\n"}
,{"stream_name":"stderr","time":7555.613257694,"data":"/usr/local/lib/python3.12/dist-packages/nbconvert/filters/filter_links.py:36: SyntaxWarning: invalid escape sequence '\\_'\n"}
,{"stream_name":"stderr","time":7555.613287505,"data":"  text = re.sub(r'_', '\\_', text) # Escape underscores in display text\n"}
,{"stream_name":"stderr","time":7556.337823358,"data":"[NbConvertApp] Converting notebook __notebook__.ipynb to notebook\n"}
,{"stream_name":"stderr","time":7556.666170448,"data":"[NbConvertApp] Writing 496734 bytes to __notebook__.ipynb\n"}
,{"stream_name":"stderr","time":7559.080995189,"data":"[NbConvertApp] Converting notebook __notebook__.ipynb to html\n"}
,{"stream_name":"stderr","time":7560.119691426,"data":"[NbConvertApp] Support files will be in __results___files/\n"}
,{"stream_name":"stderr","time":7560.119734476,"data":"[NbConvertApp] Making directory __results___files\n"}
,{"stream_name":"stderr","time":7560.120049904,"data":"[NbConvertApp] Making directory __results___files\n"}
,{"stream_name":"stderr","time":7560.120267487,"data":"[NbConvertApp] Making directory __results___files\n"}
,{"stream_name":"stderr","time":7560.120547464,"data":"[NbConvertApp] Making directory __results___files\n"}
,{"stream_name":"stderr","time":7560.120857457,"data":"[NbConvertApp] Writing 480836 bytes to __results__.html\n"}
]