[{"stream_name":"stderr","time":7.687922934,"data":"0.00s - Debugger warning: It seems that frozen modules are being used, which may\n"}
,{"stream_name":"stderr","time":7.687997523,"data":"0.00s - make the debugger miss breakpoints. Please pass -Xfrozen_modules=off\n"}
,{"stream_name":"stderr","time":7.688007689,"data":"0.00s - to python to disable frozen modules.\n"}
,{"stream_name":"stderr","time":7.6880114729999995,"data":"0.00s - Note: Debugging will proceed. Set PYDEVD_DISABLE_FILE_VALIDATION=1 to disable this validation.\n"}
,{"stream_name":"stderr","time":8.307456873,"data":"0.00s - Debugger warning: It seems that frozen modules are being used, which may\n"}
,{"stream_name":"stderr","time":8.307485302,"data":"0.00s - make the debugger miss breakpoints. Please pass -Xfrozen_modules=off\n"}
,{"stream_name":"stderr","time":8.307490875,"data":"0.00s - to python to disable frozen modules.\n"}
,{"stream_name":"stderr","time":8.307495022,"data":"0.00s - Note: Debugging will proceed. Set PYDEVD_DISABLE_FILE_VALIDATION=1 to disable this validation.\n"}
,{"stream_name":"stdout","time":23.205691889,"data":"Device: cuda\n"}
,{"stream_name":"stdout","time":23.205733402,"data":"GPU: Tesla T4\n"}
,{"stream_name":"stdout","time":252.500995505,"data":"CSV found: /kaggle/input/datasets/hyunsungha/ff-multimodal-csv/FF_Multimodal.csv\n"}
,{"stream_name":"stdout","time":293.538637616,"data":"Image dirs found: 60 BATCH folders\n"}
,{"stream_name":"stdout","time":293.538669916,"data":"Base dirs: ['/kaggle/input/datasets/ramyharik/ff-2023-12-12-multi-modal-dataset-16', '/kaggle/input/ff-2023-12-12-multi-modal-dataset-26']\n"}
,{"stream_name":"stdout","time":293.53868132,"data":"ON_KAGGLE: True\n"}
,{"stream_name":"stdout","time":293.5386848,"data":"Sensor features: 22\n"}
,{"stream_name":"stdout","time":293.734605375,"data":"Loading CSV...\n"}
,{"stream_name":"stdout","time":295.756746106,"data":"Raw shape: (166001, 51)\n"}
,{"stream_name":"stdout","time":295.756804532,"data":"Columns: ['time', 'Q_VFD1_Temperature', 'Q_VFD2_Temperature', 'Q_VFD3_Temperature', 'Q_VFD4_Temperature', 'M_Conv1_Speed_mmps', 'M_Conv2_Speed_mmps', 'M_Conv3_Speed_mmps', 'M_Conv4_Speed_mmps', 'I_R01_Gripper_Pot', 'I_R01_Gripper_Load', 'I_R02_Gripper_Pot', 'I_R02_Gripper_Load', 'I_R03_Gripper_Pot', 'I_R03_Gripper_Load', 'I_R04_Gripper_Pot', 'I_R04_Gripper_Load', 'M_R01_SJointAngle_Degree', 'M_R01_LJointAngle_Degree', 'M_R01_UJointAngle_Degree', 'M_R01_RJointAngle_Degree', 'M_R01_BJointAngle_Degree', 'M_R01_TJointAngle_Degree', 'M_R02_SJointAngle_Degree', 'M_R02_LJointAngle_Degree', 'M_R02_UJointAngle_Degree', 'M_R02_RJointAngle_Degree', 'M_R02_BJointAngle_Degree', 'M_R02_TJointAngle_Degree', 'M_R03_SJointAngle_Degree', 'M_R03_LJointAngle_Degree', 'M_R03_UJointAngle_Degree', 'M_R03_RJointAngle_Degree', 'M_R03_BJointAngle_Degree', 'M_R03_TJointAngle_Degree', 'M_R04_SJointAngle_Degree', 'M_R04_LJointAngle_Degree', 'M_R04_UJointAngle_Degree', 'M_R04_RJointAngle_Degree', 'M_R04_BJointAngle_Degree', 'M_R04_TJointAngle_Degree', 'I_SafetyDoor1_Status', 'I_SafetyDoor2_Status', 'Q_Cell_CycleCount', 'I_MHS_GreenRocketTray', 'Cam1', 'Cam2', 'Description', 'CycleState', 'Cycle_Count_New', 'actual_state']\n"}
,{"stream_name":"stdout","time":295.979436221,"data":"Cleaned shape: (165932, 53)\n"}
,{"stream_name":"stdout","time":295.979473461,"data":"\n"}
,{"stream_name":"stdout","time":295.979479307,"data":"Classes (5): ['NoBody1', 'NoNose', 'NoNose_NoBody2', 'NoNose_NoBody2_NoBody1', 'Normal']\n"}
,{"stream_name":"stdout","time":295.97948402,"data":"\n"}
,{"stream_name":"stdout","time":295.979488402,"data":"Label distribution:\n"}
,{"stream_name":"stdout","time":295.979494877,"data":"label\n"}
,{"stream_name":"stdout","time":295.979504301,"data":"Normal                    90775\n"}
,{"stream_name":"stdout","time":295.979520706,"data":"NoNose_NoBody2_NoBody1    26628\n"}
,{"stream_name":"stdout","time":295.979523231,"data":"NoNose_NoBody2            25206\n"}
,{"stream_name":"stdout","time":295.979525491,"data":"NoNose                    19307\n"}
,{"stream_name":"stdout","time":295.979528649,"data":"NoBody1                    4016\n"}
,{"stream_name":"stdout","time":295.979548777,"data":"Name: count, dtype: int64\n"}
,{"stream_name":"stdout","time":297.133507752,"data":"Train: 132950 samples (228 cycles)\n"}
,{"stream_name":"stdout","time":297.133543239,"data":"Test:  32982 samples (57 cycles)\n"}
,{"stream_name":"stdout","time":297.133548386,"data":"\n"}
,{"stream_name":"stdout","time":297.133551847,"data":"Train labels:\n"}
,{"stream_name":"stdout","time":297.133555209,"data":"label\n"}
,{"stream_name":"stdout","time":297.133558461,"data":"Normal                    73230\n"}
,{"stream_name":"stdout","time":297.133563359,"data":"NoNose_NoBody2_NoBody1    22146\n"}
,{"stream_name":"stdout","time":297.133570534,"data":"NoNose_NoBody2            20262\n"}
,{"stream_name":"stdout","time":297.133573721,"data":"NoNose                    13987\n"}
,{"stream_name":"stdout","time":297.133576017,"data":"NoBody1                    3325\n"}
,{"stream_name":"stdout","time":297.133578189,"data":"Name: count, dtype: int64\n"}
,{"stream_name":"stdout","time":297.133581105,"data":"\n"}
,{"stream_name":"stdout","time":297.133602005,"data":"Test labels:\n"}
,{"stream_name":"stdout","time":297.133605841,"data":"label\n"}
,{"stream_name":"stdout","time":297.133609912,"data":"Normal                    17545\n"}
,{"stream_name":"stdout","time":297.133613783,"data":"NoNose                     5320\n"}
,{"stream_name":"stdout","time":297.133617327,"data":"NoNose_NoBody2             4944\n"}
,{"stream_name":"stdout","time":297.133621601,"data":"NoNose_NoBody2_NoBody1     4482\n"}
,{"stream_name":"stdout","time":297.13362536,"data":"NoBody1                     691\n"}
,{"stream_name":"stdout","time":297.133629247,"data":"Name: count, dtype: int64\n"}
,{"stream_name":"stdout","time":297.336721963,"data":"Creating sequences...\n"}
,{"stream_name":"stdout","time":297.784990058,"data":"Train: (121550, 50, 22)  Test: (30132, 50, 22)\n"}
,{"stream_name":"stdout","time":297.785024007,"data":"\n"}
,{"stream_name":"stdout","time":297.785029628,"data":"Class weights: [3.4095005989074707, 0.6262698173522949, 0.43077296018600464, 0.3941263258457184, 0.1393299102783203]\n"}
,{"stream_name":"stdout","time":344.672403644,"data":"BATCH folders found: 60\n"}
,{"stream_name":"stdout","time":344.672444224,"data":"Base directories: ['/kaggle/input/datasets/ramyharik/ff-2023-12-12-multi-modal-dataset-16', '/kaggle/input/ff-2023-12-12-multi-modal-dataset-26']\n"}
,{"stream_name":"stdout","time":344.672464119,"data":"\n"}
,{"stream_name":"stdout","time":344.672469589,"data":"Image-eligible rows (state 4,9): 53881\n"}
,{"stream_name":"stdout","time":344.67247509,"data":"Sample test: 10/10 images matched\n"}
,{"stream_name":"stdout","time":344.672480375,"data":"Resolving all image paths...\n"}
,{"stream_name":"stdout","time":353.525723564,"data":"Total found: 19234 / 53881\n"}
,{"stream_name":"stdout","time":353.525766377,"data":"Image dataset ready: 19234 samples\n"}
,{"stream_name":"stdout","time":353.525772919,"data":"\n"}
,{"stream_name":"stdout","time":353.525777489,"data":"HAS_IMAGES = True\n"}
,{"stream_name":"stdout","time":353.562463028,"data":"Dataset classes defined.\n"}
,{"stream_name":"stdout","time":353.602922564,"data":"Models defined.\n"}
,{"stream_name":"stdout","time":353.640379082,"data":"Training functions ready.\n"}
,{"stream_name":"stdout","time":354.223484431,"data":"\n"}
,{"stream_name":"stdout","time":354.223519775,"data":"============================================================\n"}
,{"stream_name":"stdout","time":354.223525072,"data":" sensor_bilstm | Trainable params: 567,685\n"}
,{"stream_name":"stdout","time":354.223529272,"data":"============================================================\n"}
,{"stream_name":"stdout","time":373.54956567,"data":"Epoch  1/20 | Train Loss: 0.3396 Acc: 0.8768 | Val Loss: 0.3843 F1: 0.9043 | 19.3s\n"}
,{"stream_name":"stdout","time":391.760168956,"data":"Epoch  2/20 | Train Loss: 0.1948 Acc: 0.9331 | Val Loss: 0.3522 F1: 0.9081 | 18.2s\n"}
,{"stream_name":"stdout","time":409.896016167,"data":"Epoch  3/20 | Train Loss: 0.1575 Acc: 0.9472 | Val Loss: 0.3732 F1: 0.9079 | 18.1s\n"}
,{"stream_name":"stdout","time":427.942452202,"data":"Epoch  4/20 | Train Loss: 0.1339 Acc: 0.9554 | Val Loss: 0.3659 F1: 0.9045 | 18.0s\n"}
,{"stream_name":"stdout","time":446.019836357,"data":"Epoch  5/20 | Train Loss: 0.1148 Acc: 0.9627 | Val Loss: 0.3308 F1: 0.9108 | 18.1s\n"}
,{"stream_name":"stdout","time":464.254173449,"data":"Epoch  6/20 | Train Loss: 0.0977 Acc: 0.9690 | Val Loss: 0.4298 F1: 0.9053 | 18.2s\n"}
,{"stream_name":"stdout","time":482.650055893,"data":"Epoch  7/20 | Train Loss: 0.0811 Acc: 0.9748 | Val Loss: 0.4862 F1: 0.8967 | 18.4s\n"}
,{"stream_name":"stdout","time":500.733106611,"data":"Epoch  8/20 | Train Loss: 0.0716 Acc: 0.9801 | Val Loss: 0.5760 F1: 0.9025 | 18.1s\n"}
,{"stream_name":"stdout","time":518.741760444,"data":"Epoch  9/20 | Train Loss: 0.0652 Acc: 0.9824 | Val Loss: 0.5823 F1: 0.8939 | 18.0s\n"}
,{"stream_name":"stdout","time":536.842539879,"data":"Epoch 10/20 | Train Loss: 0.0596 Acc: 0.9850 | Val Loss: 0.4942 F1: 0.9123 | 18.1s\n"}
,{"stream_name":"stdout","time":554.953497868,"data":"Epoch 11/20 | Train Loss: 0.0577 Acc: 0.9857 | Val Loss: 0.5744 F1: 0.9025 | 18.1s\n"}
,{"stream_name":"stdout","time":573.169850204,"data":"Epoch 12/20 | Train Loss: 0.0288 Acc: 0.9933 | Val Loss: 0.5639 F1: 0.9121 | 18.2s\n"}
,{"stream_name":"stdout","time":591.247944738,"data":"Epoch 13/20 | Train Loss: 0.0283 Acc: 0.9935 | Val Loss: 0.5499 F1: 0.9121 | 18.1s\n"}
,{"stream_name":"stdout","time":609.34016351,"data":"Epoch 14/20 | Train Loss: 0.0314 Acc: 0.9934 | Val Loss: 0.6915 F1: 0.9000 | 18.1s\n"}
,{"stream_name":"stdout","time":627.452774504,"data":"Epoch 15/20 | Train Loss: 0.0329 Acc: 0.9931 | Val Loss: 0.6024 F1: 0.9131 | 18.1s\n"}
,{"stream_name":"stdout","time":645.667196278,"data":"Epoch 16/20 | Train Loss: 0.0308 Acc: 0.9932 | Val Loss: 0.6069 F1: 0.9125 | 18.2s\n"}
,{"stream_name":"stdout","time":663.956742294,"data":"Epoch 17/20 | Train Loss: 0.0332 Acc: 0.9930 | Val Loss: 0.5157 F1: 0.9163 | 18.3s\n"}
,{"stream_name":"stdout","time":682.102532015,"data":"Epoch 18/20 | Train Loss: 0.0155 Acc: 0.9964 | Val Loss: 0.5606 F1: 0.9215 | 18.1s\n"}
,{"stream_name":"stdout","time":700.46512398,"data":"Epoch 19/20 | Train Loss: 0.0164 Acc: 0.9964 | Val Loss: 0.7265 F1: 0.9110 | 18.4s\n"}
,{"stream_name":"stdout","time":718.570882692,"data":"Epoch 20/20 | Train Loss: 0.0187 Acc: 0.9963 | Val Loss: 0.5891 F1: 0.9188 | 18.1s\n"}
,{"stream_name":"stdout","time":720.195101459,"data":"\n"}
,{"stream_name":"stdout","time":720.195139335,"data":"--- sensor_bilstm Final Results ---\n"}
,{"stream_name":"stdout","time":720.19514667,"data":"Accuracy:  0.9224\n"}
,{"stream_name":"stdout","time":720.195151721,"data":"Precision: 0.9225\n"}
,{"stream_name":"stdout","time":720.195158727,"data":"Recall:    0.9224\n"}
,{"stream_name":"stdout","time":720.195167279,"data":"F1-Score:  0.9215\n"}
,{"stream_name":"stdout","time":720.195184084,"data":"                        precision    recall  f1-score   support\n"}
,{"stream_name":"stdout","time":720.195186913,"data":"\n"}
,{"stream_name":"stdout","time":720.195189339,"data":"               NoBody1       0.88      0.96      0.92       529\n"}
,{"stream_name":"stdout","time":720.195191811,"data":"                NoNose       0.91      0.96      0.94      5320\n"}
,{"stream_name":"stdout","time":720.195194292,"data":"        NoNose_NoBody2       0.88      0.95      0.91      4944\n"}
,{"stream_name":"stdout","time":720.19519677,"data":"NoNose_NoBody2_NoBody1       0.87      0.76      0.81      4482\n"}
,{"stream_name":"stdout","time":720.195199223,"data":"                Normal       0.96      0.95      0.95     14857\n"}
,{"stream_name":"stdout","time":720.195201656,"data":"\n"}
,{"stream_name":"stdout","time":720.195204053,"data":"              accuracy                           0.92     30132\n"}
,{"stream_name":"stdout","time":720.195206462,"data":"             macro avg       0.90      0.92      0.91     30132\n"}
,{"stream_name":"stdout","time":720.195208935,"data":"          weighted avg       0.92      0.92      0.92     30132\n"}
,{"stream_name":"stdout","time":720.195211349,"data":"\n"}
,{"stream_name":"stdout","time":720.38663102,"data":"이미지 클래스 분포: {np.int64(4): 1914, np.int64(1): 4245, np.int64(2): 6871, np.int64(0): 265, np.int64(3): 1670}\n"}
,{"stream_name":"stdout","time":720.38666438,"data":"이미지 전용 class weights: [3.576204299926758, 0.22324950993061066, 0.13792666792869568, 0.5674815773963928, 0.495138019323349]\n"}
,{"stream_name":"stdout","time":720.449709872,"data":"Downloading: \"https://download.pytorch.org/models/resnet18-f37072fd.pth\" to /root/.cache/torch/hub/checkpoints/resnet18-f37072fd.pth\n"}
,{"stream_name":"stderr","time":720.502057196,"data":"\r  0%|          | 0.00/44.7M [00:00\u003c?, ?B/s]\n"}
,{"stream_name":"stderr","time":720.603587846,"data":"\r  0%|          | 0.00/44.7M [00:00\u003c?, ?B/s]\r 14%|█▎        | 6.12M/44.7M [00:00\u003c00:00, 63.8MB/s]\n"}
,{"stream_name":"stderr","time":720.70366785,"data":"\r 14%|█▎        | 6.12M/44.7M [00:00\u003c00:00, 63.8MB/s]\r 55%|█████▌    | 24.6M/44.7M [00:00\u003c00:00, 140MB/s] \n"}
,{"stream_name":"stderr","time":720.803985658,"data":"\r 55%|█████▌    | 24.6M/44.7M [00:00\u003c00:00, 140MB/s] \r 96%|█████████▌| 42.9M/44.7M [00:00\u003c00:00, 163MB/s]\n"}
,{"stream_name":"stderr","time":720.8121637,"data":"\r 96%|█████████▌| 42.9M/44.7M [00:00\u003c00:00, 163MB/s]\r100%|██████████| 44.7M/44.7M [00:00\u003c00:00, 151MB/s]\n"}
,{"stream_name":"stdout","time":720.882825313,"data":"\n"}
,{"stream_name":"stdout","time":720.882847991,"data":"============================================================\n"}
,{"stream_name":"stdout","time":720.882852442,"data":" image_resnet18 | Trainable params: 11,242,821\n"}
,{"stream_name":"stdout","time":720.882855872,"data":"============================================================\n"}
,{"stream_name":"stderr","time":720.883697353,"data":"\r100%|██████████| 44.7M/44.7M [00:00\u003c00:00, 151MB/s]\n"}
,{"stream_name":"stderr","time":720.883719419,"data":"\n"}
,{"stream_name":"stderr","time":720.883723789,"data":"\n"}
,{"stream_name":"stdout","time":1188.484527237,"data":"Epoch  1/20 | Train Loss: 1.6514 Acc: 0.2605 | Val Loss: 1.5736 F1: 0.0250 | 467.5s\n"}
,{"stream_name":"stdout","time":1527.773768517,"data":"Epoch  2/20 | Train Loss: 1.3189 Acc: 0.3784 | Val Loss: 1.1792 F1: 0.1032 | 339.2s\n"}
,{"stream_name":"stdout","time":1866.314401056,"data":"Epoch  3/20 | Train Loss: 1.1464 Acc: 0.4452 | Val Loss: 0.9835 F1: 0.5111 | 338.5s\n"}
,{"stream_name":"stdout","time":2195.527966368,"data":"Epoch  4/20 | Train Loss: 1.0157 Acc: 0.5833 | Val Loss: 3.8602 F1: 0.0182 | 329.2s\n"}
,{"stream_name":"stdout","time":2512.111217404,"data":"Epoch  5/20 | Train Loss: 0.9163 Acc: 0.6516 | Val Loss: 1.5140 F1: 0.3458 | 316.6s\n"}
,{"stream_name":"stdout","time":2836.634254894,"data":"Epoch  6/20 | Train Loss: 0.8225 Acc: 0.7154 | Val Loss: 2.9949 F1: 0.3207 | 324.5s\n"}
,{"stream_name":"stdout","time":3145.82275865,"data":"Epoch  7/20 | Train Loss: 0.7935 Acc: 0.7529 | Val Loss: 2.8759 F1: 0.2544 | 309.2s\n"}
,{"stream_name":"stdout","time":3470.861556313,"data":"Epoch  8/20 | Train Loss: 0.7486 Acc: 0.7824 | Val Loss: 1.1086 F1: 0.5858 | 324.9s\n"}
,{"stream_name":"stdout","time":3777.312368023,"data":"Epoch  9/20 | Train Loss: 0.7225 Acc: 0.7924 | Val Loss: 1.8082 F1: 0.3717 | 306.4s\n"}
,{"stream_name":"stdout","time":4102.180566258,"data":"Epoch 10/20 | Train Loss: 0.6600 Acc: 0.8154 | Val Loss: 0.5462 F1: 0.8049 | 324.8s\n"}
,{"stream_name":"stdout","time":4410.328487755,"data":"Epoch 11/20 | Train Loss: 0.5249 Acc: 0.8766 | Val Loss: 0.4446 F1: 0.8977 | 308.0s\n"}
,{"stream_name":"stdout","time":4731.83810717,"data":"Epoch 12/20 | Train Loss: 0.2528 Acc: 0.9530 | Val Loss: 0.6947 F1: 0.8409 | 321.5s\n"}
,{"stream_name":"stdout","time":5063.090340572,"data":"Epoch 13/20 | Train Loss: 0.1690 Acc: 0.9685 | Val Loss: 0.4813 F1: 0.9038 | 331.2s\n"}
,{"stream_name":"stdout","time":5399.142736452,"data":"Epoch 14/20 | Train Loss: 0.1382 Acc: 0.9770 | Val Loss: 0.3270 F1: 0.9509 | 336.0s\n"}
,{"stream_name":"stdout","time":5710.610085207,"data":"Epoch 15/20 | Train Loss: 0.1157 Acc: 0.9794 | Val Loss: 0.2223 F1: 0.9599 | 311.4s\n"}
,{"stream_name":"stdout","time":6038.906717271,"data":"Epoch 16/20 | Train Loss: 0.0829 Acc: 0.9830 | Val Loss: 0.3099 F1: 0.9575 | 328.3s\n"}
,{"stream_name":"stdout","time":6348.15500549,"data":"Epoch 17/20 | Train Loss: 0.0947 Acc: 0.9836 | Val Loss: 0.8118 F1: 0.8264 | 309.3s\n"}
,{"stream_name":"stdout","time":6721.39272979,"data":"Epoch 18/20 | Train Loss: 0.0816 Acc: 0.9870 | Val Loss: 0.3708 F1: 0.9528 | 373.2s\n"}
,{"stream_name":"stdout","time":7057.948193863,"data":"Epoch 19/20 | Train Loss: 0.0816 Acc: 0.9877 | Val Loss: 0.4204 F1: 0.9495 | 336.6s\n"}
,{"stream_name":"stdout","time":7433.958262456,"data":"Epoch 20/20 | Train Loss: 0.0782 Acc: 0.9866 | Val Loss: 0.3311 F1: 0.9589 | 375.8s\n"}
,{"stream_name":"stdout","time":7493.332928641,"data":"\n"}
,{"stream_name":"stdout","time":7493.332962561,"data":"--- image_resnet18 Final Results ---\n"}
,{"stream_name":"stdout","time":7493.332990161,"data":"Accuracy:  0.9599\n"}
,{"stream_name":"stdout","time":7493.332998222,"data":"Precision: 0.9637\n"}
,{"stream_name":"stdout","time":7493.333002722,"data":"Recall:    0.9599\n"}
,{"stream_name":"stdout","time":7493.33300752,"data":"F1-Score:  0.9599\n"}
,{"stream_name":"stdout","time":7493.33301294,"data":"                        precision    recall  f1-score   support\n"}
,{"stream_name":"stdout","time":7493.333017856,"data":"\n"}
,{"stream_name":"stdout","time":7493.333022541,"data":"               NoBody1       1.00      1.00      1.00        49\n"}
,{"stream_name":"stdout","time":7493.333027249,"data":"                NoNose       1.00      0.90      0.95      1704\n"}
,{"stream_name":"stdout","time":7493.333031832,"data":"        NoNose_NoBody2       0.91      1.00      0.95      1670\n"}
,{"stream_name":"stdout","time":7493.333036479,"data":"NoNose_NoBody2_NoBody1       1.00      1.00      1.00       341\n"}
,{"stream_name":"stdout","time":7493.333041219,"data":"                Normal       1.00      1.00      1.00       505\n"}
,{"stream_name":"stdout","time":7493.333056338,"data":"\n"}
,{"stream_name":"stdout","time":7493.333060142,"data":"              accuracy                           0.96      4269\n"}
,{"stream_name":"stdout","time":7493.333063824,"data":"             macro avg       0.98      0.98      0.98      4269\n"}
,{"stream_name":"stdout","time":7493.333067417,"data":"          weighted avg       0.96      0.96      0.96      4269\n"}
,{"stream_name":"stdout","time":7493.333071161,"data":"\n"}
,{"stream_name":"stdout","time":7493.553814651,"data":"Creating multimodal dataset...\n"}
,{"stream_name":"stdout","time":7494.860478339,"data":"Train: (39624, 50, 22), images: 13839\n"}
,{"stream_name":"stdout","time":7494.86053216,"data":"Test:  (9521, 50, 22), images: 3912\n"}
,{"stream_name":"stdout","time":7494.860536515,"data":"Fusion class dist: {4: 20342, 1: 4579, 2: 6871, 0: 328, 3: 7504}\n"}
,{"stream_name":"stdout","time":7494.86053989,"data":"Fusion class weights: [4.240153789520264, 0.3037279546260834, 0.20241163671016693, 0.18533720076084137, 0.06836940348148346]\n"}
,{"stream_name":"stdout","time":7495.204104507,"data":"\n"}
,{"stream_name":"stdout","time":7495.204137185,"data":"============================================================\n"}
,{"stream_name":"stdout","time":7495.204142273,"data":" fusion_dlf | Trainable params: 198,149\n"}
,{"stream_name":"stdout","time":7495.204146195,"data":"============================================================\n"}
,{"stream_name":"stdout","time":7780.442604462,"data":"Epoch  1/20 | Train Loss: 0.0478 Acc: 0.9920 | Val Loss: 0.7854 F1: 0.8727 | 285.2s\n"}
,{"stream_name":"stdout","time":8059.755786399,"data":"Epoch  2/20 | Train Loss: 0.0243 Acc: 0.9943 | Val Loss: 0.9327 F1: 0.8725 | 279.3s\n"}
,{"stream_name":"stdout","time":8329.331128969,"data":"Epoch  3/20 | Train Loss: 0.0258 Acc: 0.9947 | Val Loss: 0.9678 F1: 0.8782 | 269.5s\n"}
,{"stream_name":"stdout","time":8615.528116788,"data":"Epoch  4/20 | Train Loss: 0.0245 Acc: 0.9951 | Val Loss: 0.8754 F1: 0.8733 | 286.2s\n"}
,{"stream_name":"stdout","time":8907.025289418,"data":"Epoch  5/20 | Train Loss: 0.0252 Acc: 0.9948 | Val Loss: 0.9393 F1: 0.8708 | 291.5s\n"}
,{"stream_name":"stdout","time":9192.585806621,"data":"Epoch  6/20 | Train Loss: 0.0235 Acc: 0.9951 | Val Loss: 0.8709 F1: 0.8720 | 285.6s\n"}
,{"stream_name":"stdout","time":9475.570487816,"data":"Epoch  7/20 | Train Loss: 0.0258 Acc: 0.9951 | Val Loss: 0.9066 F1: 0.8712 | 283.0s\n"}
,{"stream_name":"stdout","time":9747.406258892,"data":"Epoch  8/20 | Train Loss: 0.0226 Acc: 0.9952 | Val Loss: 0.8434 F1: 0.8711 | 271.8s\n"}
,{"stream_name":"stdout","time":10021.760088523,"data":"Epoch  9/20 | Train Loss: 0.0179 Acc: 0.9953 | Val Loss: 0.8539 F1: 0.8730 | 274.4s\n"}
,{"stream_name":"stdout","time":10284.687069951,"data":"Epoch 10/20 | Train Loss: 0.0206 Acc: 0.9949 | Val Loss: 0.8339 F1: 0.8695 | 262.9s\n"}
,{"stream_name":"stdout","time":10548.307924252,"data":"Epoch 11/20 | Train Loss: 0.0193 Acc: 0.9948 | Val Loss: 0.8099 F1: 0.8716 | 263.6s\n"}
,{"stream_name":"stdout","time":10813.189483402,"data":"Epoch 12/20 | Train Loss: 0.0194 Acc: 0.9954 | Val Loss: 0.7667 F1: 0.8746 | 264.9s\n"}
,{"stream_name":"stdout","time":11096.532940424,"data":"Epoch 13/20 | Train Loss: 0.0187 Acc: 0.9954 | Val Loss: 0.7096 F1: 0.8681 | 283.3s\n"}
,{"stream_name":"stdout","time":11096.532988759,"data":"Early stopping at epoch 13\n"}
,{"stream_name":"stdout","time":11155.784854585,"data":"\n"}
,{"stream_name":"stdout","time":11155.784895402,"data":"--- fusion_dlf Final Results ---\n"}
,{"stream_name":"stdout","time":11155.784902683,"data":"Accuracy:  0.8839\n"}
,{"stream_name":"stdout","time":11155.784908735,"data":"Precision: 0.8794\n"}
,{"stream_name":"stdout","time":11155.784927098,"data":"Recall:    0.8839\n"}
,{"stream_name":"stdout","time":11155.784930654,"data":"F1-Score:  0.8782\n"}
,{"stream_name":"stdout","time":11155.784933917,"data":"                        precision    recall  f1-score   support\n"}
,{"stream_name":"stdout","time":11155.78493724,"data":"\n"}
,{"stream_name":"stdout","time":11155.784940836,"data":"               NoBody1       0.65      0.68      0.67        57\n"}
,{"stream_name":"stdout","time":11155.784944398,"data":"                NoNose       0.98      0.97      0.97      1704\n"}
,{"stream_name":"stdout","time":11155.784947729,"data":"        NoNose_NoBody2       0.82      0.98      0.89      1670\n"}
,{"stream_name":"stdout","time":11155.784951309,"data":"NoNose_NoBody2_NoBody1       0.73      0.53      0.62      1480\n"}
,{"stream_name":"stdout","time":11155.784955241,"data":"                Normal       0.92      0.93      0.92      4610\n"}
,{"stream_name":"stdout","time":11155.784958701,"data":"\n"}
,{"stream_name":"stdout","time":11155.784962462,"data":"              accuracy                           0.88      9521\n"}
,{"stream_name":"stdout","time":11155.784967314,"data":"             macro avg       0.82      0.82      0.81      9521\n"}
,{"stream_name":"stdout","time":11155.784987654,"data":"          weighted avg       0.88      0.88      0.88      9521\n"}
,{"stream_name":"stdout","time":11155.784994331,"data":"\n"}
,{"stream_name":"stdout","time":11155.811946791,"data":"\n"}
,{"stream_name":"stdout","time":11155.811990537,"data":"============================================================\n"}
,{"stream_name":"stdout","time":11155.811997917,"data":" fusion_crossattn | Trainable params: 593,413\n"}
,{"stream_name":"stdout","time":11155.812002096,"data":"============================================================\n"}
,{"stream_name":"stdout","time":11426.487174116,"data":"Epoch  1/20 | Train Loss: 0.0554 Acc: 0.9916 | Val Loss: 0.9450 F1: 0.8717 | 270.6s\n"}
,{"stream_name":"stdout","time":11692.290708239,"data":"Epoch  2/20 | Train Loss: 0.0266 Acc: 0.9945 | Val Loss: 0.8280 F1: 0.8745 | 265.7s\n"}
,{"stream_name":"stdout","time":11955.425231706,"data":"Epoch  3/20 | Train Loss: 0.0280 Acc: 0.9946 | Val Loss: 1.0242 F1: 0.8638 | 263.1s\n"}
,{"stream_name":"stdout","time":12225.664709268,"data":"Epoch  4/20 | Train Loss: 0.0272 Acc: 0.9945 | Val Loss: 0.9808 F1: 0.8680 | 270.2s\n"}
,{"stream_name":"stdout","time":12493.039527849,"data":"Epoch  5/20 | Train Loss: 0.0263 Acc: 0.9947 | Val Loss: 1.0022 F1: 0.8671 | 267.4s\n"}
,{"stream_name":"stdout","time":12762.906520235,"data":"Epoch  6/20 | Train Loss: 0.0248 Acc: 0.9951 | Val Loss: 0.9996 F1: 0.8673 | 269.9s\n"}
,{"stream_name":"stdout","time":13029.255444396,"data":"Epoch  7/20 | Train Loss: 0.0221 Acc: 0.9945 | Val Loss: 0.9249 F1: 0.8641 | 266.3s\n"}
,{"stream_name":"stdout","time":13294.962110099,"data":"Epoch  8/20 | Train Loss: 0.0246 Acc: 0.9952 | Val Loss: 0.9174 F1: 0.8641 | 265.7s\n"}
,{"stream_name":"stdout","time":13563.496023295,"data":"Epoch  9/20 | Train Loss: 0.0197 Acc: 0.9952 | Val Loss: 0.9709 F1: 0.8660 | 268.5s\n"}
,{"stream_name":"stdout","time":13832.677503581,"data":"Epoch 10/20 | Train Loss: 0.0240 Acc: 0.9955 | Val Loss: 0.8993 F1: 0.8668 | 269.2s\n"}
,{"stream_name":"stdout","time":14103.368688136,"data":"Epoch 11/20 | Train Loss: 0.0166 Acc: 0.9956 | Val Loss: 0.9842 F1: 0.8653 | 270.7s\n"}
,{"stream_name":"stdout","time":14384.4524353,"data":"Epoch 12/20 | Train Loss: 0.0225 Acc: 0.9953 | Val Loss: 0.9637 F1: 0.8657 | 281.0s\n"}
,{"stream_name":"stdout","time":14384.452471536,"data":"Early stopping at epoch 12\n"}
,{"stream_name":"stdout","time":14443.972052478,"data":"\n"}
,{"stream_name":"stdout","time":14443.972084416,"data":"--- fusion_crossattn Final Results ---\n"}
,{"stream_name":"stdout","time":14443.972104792,"data":"Accuracy:  0.8788\n"}
,{"stream_name":"stdout","time":14443.972107616,"data":"Precision: 0.8737\n"}
,{"stream_name":"stdout","time":14443.972109797,"data":"Recall:    0.8788\n"}
,{"stream_name":"stdout","time":14443.972111921,"data":"F1-Score:  0.8745\n"}
,{"stream_name":"stdout","time":14443.972114336,"data":"                        precision    recall  f1-score   support\n"}
,{"stream_name":"stdout","time":14443.972116674,"data":"\n"}
,{"stream_name":"stdout","time":14443.972118822,"data":"               NoBody1       0.70      0.68      0.69        57\n"}
,{"stream_name":"stdout","time":14443.972121048,"data":"                NoNose       0.98      0.98      0.98      1704\n"}
,{"stream_name":"stdout","time":14443.972123273,"data":"        NoNose_NoBody2       0.83      0.93      0.88      1670\n"}
,{"stream_name":"stdout","time":14443.972125553,"data":"NoNose_NoBody2_NoBody1       0.68      0.55      0.61      1480\n"}
,{"stream_name":"stdout","time":14443.972127766,"data":"                Normal       0.92      0.93      0.92      4610\n"}
,{"stream_name":"stdout","time":14443.972130074,"data":"\n"}
,{"stream_name":"stdout","time":14443.972132209,"data":"              accuracy                           0.88      9521\n"}
,{"stream_name":"stdout","time":14443.972134426,"data":"             macro avg       0.82      0.81      0.82      9521\n"}
,{"stream_name":"stdout","time":14443.972136643,"data":"          weighted avg       0.87      0.88      0.87      9521\n"}
,{"stream_name":"stdout","time":14443.972139872,"data":"\n"}
,{"stream_name":"stdout","time":14502.971640982,"data":"\n"}
,{"stream_name":"stdout","time":14502.971676123,"data":"========================================================================\n"}
,{"stream_name":"stdout","time":14502.971682653,"data":" FAIR COMPARISON  (all models on the SAME cycle 4·9 test set)\n"}
,{"stream_name":"stdout","time":14502.971688628,"data":"========================================================================\n"}
,{"stream_name":"stdout","time":14502.971697318,"data":"Model                           Accuracy Precision    Recall        F1\n"}
,{"stream_name":"stdout","time":14502.971712092,"data":"------------------------------------------------------------------------\n"}
,{"stream_name":"stdout","time":14502.971717473,"data":"Sensor@cyc4_9                     0.8763    0.8707    0.8763    0.8710\n"}
,{"stream_name":"stdout","time":14502.971722896,"data":"Image@cyc4_9                      0.3980    0.9781    0.3980    0.4323\n"}
,{"stream_name":"stdout","time":14502.971728057,"data":"Fusion-Concat                     0.8839    0.8794    0.8839    0.8782\n"}
,{"stream_name":"stdout","time":14502.971732712,"data":"Fusion-CrossAttn                  0.8788    0.8737    0.8788    0.8745\n"}
,{"stream_name":"stdout","time":14502.971737185,"data":"========================================================================\n"}
,{"stream_name":"stdout","time":14502.971741735,"data":"\n"}
,{"stream_name":"stdout","time":14502.971745983,"data":"[GOAL] 센서@cyc4_9 F1=0.8710 | best Fusion F1=0.8782 | DONE: Fusion\u003e=Sensor\n"}
,{"stream_name":"stdout","time":14810.397667838,"data":"\n"}
,{"stream_name":"stdout","time":14810.397719425,"data":"========================================================================\n"}
,{"stream_name":"stdout","time":14810.397724062,"data":" DECISION-LEVEL FUSION (late) | best image weight w=0.50 (tuned on train)\n"}
,{"stream_name":"stdout","time":14810.39772732,"data":"========================================================================\n"}
,{"stream_name":"stdout","time":14810.397730527,"data":"Sensor@cyc4_9      F1 : 0.8710\n"}
,{"stream_name":"stdout","time":14810.397743169,"data":"Fusion-Concat      F1 : 0.8782\n"}
,{"stream_name":"stdout","time":14810.397745718,"data":"Decision-Fusion    F1 : 0.8848   (img-present 3912/9521)\n"}
,{"stream_name":"stdout","time":14810.397747977,"data":"========================================================================\n"}
,{"stream_name":"stdout","time":14810.397750672,"data":"[GOAL-DLF] *** ACHIEVED: Decision-Fusion \u003e Sensor ***\n"}
,{"stream_name":"stdout","time":14810.39775315,"data":"========================================================================\n"}
,{"stream_name":"stdout","time":14812.264372133,"data":"\n"}
,{"stream_name":"stdout","time":14812.264401493,"data":"======================================================================\n"}
,{"stream_name":"stdout","time":14812.264407612,"data":" FINAL RESULTS SUMMARY\n"}
,{"stream_name":"stdout","time":14812.264411653,"data":"======================================================================\n"}
,{"stream_name":"stdout","time":14812.264415763,"data":"Model                       Accuracy  Precision     Recall         F1\n"}
,{"stream_name":"stdout","time":14812.264419698,"data":"----------------------------------------------------------------------\n"}
,{"stream_name":"stdout","time":14812.264423127,"data":"Sensor (BiLSTM)               0.9224     0.9225     0.9224     0.9215\n"}
,{"stream_name":"stdout","time":14812.26442658,"data":"Image (ResNet18)              0.9599     0.9637     0.9599     0.9599\n"}
,{"stream_name":"stdout","time":14812.264433884,"data":"Fusion-Concat                 0.8839     0.8794     0.8839     0.8782\n"}
,{"stream_name":"stdout","time":14812.264436325,"data":"Fusion-CrossAttn              0.8788     0.8737     0.8788     0.8745\n"}
,{"stream_name":"stdout","time":14812.264438789,"data":"======================================================================\n"}
,{"stream_name":"stdout","time":14812.264441088,"data":"\n"}
,{"stream_name":"stdout","time":14812.264443298,"data":"Done!\n"}
,{"stream_name":"stderr","time":14818.362065494,"data":"/usr/local/lib/python3.12/dist-packages/mistune.py:435: SyntaxWarning: invalid escape sequence '\\|'\n"}
,{"stream_name":"stderr","time":14818.362100003,"data":"  cells[i][c] = re.sub('\\\\\\\\\\|', '|', cell)\n"}
,{"stream_name":"stderr","time":14818.678617319,"data":"/usr/local/lib/python3.12/dist-packages/nbconvert/filters/filter_links.py:36: SyntaxWarning: invalid escape sequence '\\_'\n"}
,{"stream_name":"stderr","time":14818.678644365,"data":"  text = re.sub(r'_', '\\_', text) # Escape underscores in display text\n"}
,{"stream_name":"stderr","time":14819.749764684,"data":"[NbConvertApp] Converting notebook __notebook__.ipynb to notebook\n"}
,{"stream_name":"stderr","time":14820.075849997,"data":"[NbConvertApp] Writing 469438 bytes to __notebook__.ipynb\n"}
,{"stream_name":"stderr","time":14822.40722537,"data":"[NbConvertApp] Converting notebook __notebook__.ipynb to html\n"}
,{"stream_name":"stderr","time":14823.672146697,"data":"[NbConvertApp] Support files will be in __results___files/\n"}
,{"stream_name":"stderr","time":14823.672181372,"data":"[NbConvertApp] Making directory __results___files\n"}
,{"stream_name":"stderr","time":14823.672304836,"data":"[NbConvertApp] Making directory __results___files\n"}
,{"stream_name":"stderr","time":14823.672553731,"data":"[NbConvertApp] Making directory __results___files\n"}
,{"stream_name":"stderr","time":14823.672770024,"data":"[NbConvertApp] Making directory __results___files\n"}
,{"stream_name":"stderr","time":14823.673100186,"data":"[NbConvertApp] Writing 498129 bytes to __results__.html\n"}
]