[{"stream_name":"stderr","time":6.211122827,"data":"0.00s - Debugger warning: It seems that frozen modules are being used, which may\n"}
,{"stream_name":"stderr","time":6.211200936,"data":"0.00s - make the debugger miss breakpoints. Please pass -Xfrozen_modules=off\n"}
,{"stream_name":"stderr","time":6.211206871,"data":"0.00s - to python to disable frozen modules.\n"}
,{"stream_name":"stderr","time":6.211210723,"data":"0.00s - Note: Debugging will proceed. Set PYDEVD_DISABLE_FILE_VALIDATION=1 to disable this validation.\n"}
,{"stream_name":"stderr","time":6.789335809,"data":"0.00s - Debugger warning: It seems that frozen modules are being used, which may\n"}
,{"stream_name":"stderr","time":6.7893756199999995,"data":"0.00s - make the debugger miss breakpoints. Please pass -Xfrozen_modules=off\n"}
,{"stream_name":"stderr","time":6.789380099,"data":"0.00s - to python to disable frozen modules.\n"}
,{"stream_name":"stderr","time":6.789382601,"data":"0.00s - Note: Debugging will proceed. Set PYDEVD_DISABLE_FILE_VALIDATION=1 to disable this validation.\n"}
,{"stream_name":"stdout","time":20.096151336,"data":"Device: cuda\n"}
,{"stream_name":"stdout","time":20.096200151,"data":"GPU: Tesla T4\n"}
,{"stream_name":"stdout","time":153.813972238,"data":"CSV found: /kaggle/input/datasets/hyunsungha/ff-multimodal-csv/FF_Multimodal.csv\n"}
,{"stream_name":"stdout","time":224.496302157,"data":"Image dirs found: 90 BATCH folders\n"}
,{"stream_name":"stdout","time":224.496353838,"data":"Base dirs: ['/kaggle/input/ff-2023-12-12-multi-modal-dataset-36', '/kaggle/input/ff-2023-12-12-multi-modal-dataset-26', '/kaggle/input/datasets/ramyharik/ff-2023-12-12-multi-modal-dataset-16']\n"}
,{"stream_name":"stdout","time":224.496361659,"data":"ON_KAGGLE: True\n"}
,{"stream_name":"stdout","time":224.496366541,"data":"Sensor features: 22\n"}
,{"stream_name":"stdout","time":224.691872468,"data":"Loading CSV...\n"}
,{"stream_name":"stdout","time":226.474237997,"data":"Raw shape: (166001, 51)\n"}
,{"stream_name":"stdout","time":226.474303056,"data":"Columns: ['time', 'Q_VFD1_Temperature', 'Q_VFD2_Temperature', 'Q_VFD3_Temperature', 'Q_VFD4_Temperature', 'M_Conv1_Speed_mmps', 'M_Conv2_Speed_mmps', 'M_Conv3_Speed_mmps', 'M_Conv4_Speed_mmps', 'I_R01_Gripper_Pot', 'I_R01_Gripper_Load', 'I_R02_Gripper_Pot', 'I_R02_Gripper_Load', 'I_R03_Gripper_Pot', 'I_R03_Gripper_Load', 'I_R04_Gripper_Pot', 'I_R04_Gripper_Load', 'M_R01_SJointAngle_Degree', 'M_R01_LJointAngle_Degree', 'M_R01_UJointAngle_Degree', 'M_R01_RJointAngle_Degree', 'M_R01_BJointAngle_Degree', 'M_R01_TJointAngle_Degree', 'M_R02_SJointAngle_Degree', 'M_R02_LJointAngle_Degree', 'M_R02_UJointAngle_Degree', 'M_R02_RJointAngle_Degree', 'M_R02_BJointAngle_Degree', 'M_R02_TJointAngle_Degree', 'M_R03_SJointAngle_Degree', 'M_R03_LJointAngle_Degree', 'M_R03_UJointAngle_Degree', 'M_R03_RJointAngle_Degree', 'M_R03_BJointAngle_Degree', 'M_R03_TJointAngle_Degree', 'M_R04_SJointAngle_Degree', 'M_R04_LJointAngle_Degree', 'M_R04_UJointAngle_Degree', 'M_R04_RJointAngle_Degree', 'M_R04_BJointAngle_Degree', 'M_R04_TJointAngle_Degree', 'I_SafetyDoor1_Status', 'I_SafetyDoor2_Status', 'Q_Cell_CycleCount', 'I_MHS_GreenRocketTray', 'Cam1', 'Cam2', 'Description', 'CycleState', 'Cycle_Count_New', 'actual_state']\n"}
,{"stream_name":"stdout","time":226.703275597,"data":"Cleaned shape: (165932, 53)\n"}
,{"stream_name":"stdout","time":226.703314975,"data":"\n"}
,{"stream_name":"stdout","time":226.703319705,"data":"Classes (5): ['NoBody1', 'NoNose', 'NoNose_NoBody2', 'NoNose_NoBody2_NoBody1', 'Normal']\n"}
,{"stream_name":"stdout","time":226.703323085,"data":"\n"}
,{"stream_name":"stdout","time":226.703326095,"data":"Label distribution:\n"}
,{"stream_name":"stdout","time":226.703330412,"data":"label\n"}
,{"stream_name":"stdout","time":226.703337335,"data":"Normal                    90775\n"}
,{"stream_name":"stdout","time":226.703370898,"data":"NoNose_NoBody2_NoBody1    26628\n"}
,{"stream_name":"stdout","time":226.70337519,"data":"NoNose_NoBody2            25206\n"}
,{"stream_name":"stdout","time":226.703378734,"data":"NoNose                    19307\n"}
,{"stream_name":"stdout","time":226.703382005,"data":"NoBody1                    4016\n"}
,{"stream_name":"stdout","time":226.703385398,"data":"Name: count, dtype: int64\n"}
,{"stream_name":"stdout","time":227.91176186,"data":"Train: 132950 samples (228 cycles)\n"}
,{"stream_name":"stdout","time":227.911799567,"data":"Test:  32982 samples (57 cycles)\n"}
,{"stream_name":"stdout","time":227.911804783,"data":"\n"}
,{"stream_name":"stdout","time":227.911808884,"data":"Train labels:\n"}
,{"stream_name":"stdout","time":227.911813378,"data":"label\n"}
,{"stream_name":"stdout","time":227.911817441,"data":"Normal                    73230\n"}
,{"stream_name":"stdout","time":227.911821616,"data":"NoNose_NoBody2_NoBody1    22146\n"}
,{"stream_name":"stdout","time":227.911825558,"data":"NoNose_NoBody2            20262\n"}
,{"stream_name":"stdout","time":227.911829668,"data":"NoNose                    13987\n"}
,{"stream_name":"stdout","time":227.911834236,"data":"NoBody1                    3325\n"}
,{"stream_name":"stdout","time":227.911838446,"data":"Name: count, dtype: int64\n"}
,{"stream_name":"stdout","time":227.911842998,"data":"\n"}
,{"stream_name":"stdout","time":227.911847844,"data":"Test labels:\n"}
,{"stream_name":"stdout","time":227.911852222,"data":"label\n"}
,{"stream_name":"stdout","time":227.911856407,"data":"Normal                    17545\n"}
,{"stream_name":"stdout","time":227.911860443,"data":"NoNose                     5320\n"}
,{"stream_name":"stdout","time":227.911865593,"data":"NoNose_NoBody2             4944\n"}
,{"stream_name":"stdout","time":227.911870154,"data":"NoNose_NoBody2_NoBody1     4482\n"}
,{"stream_name":"stdout","time":227.911874562,"data":"NoBody1                     691\n"}
,{"stream_name":"stdout","time":227.911878092,"data":"Name: count, dtype: int64\n"}
,{"stream_name":"stdout","time":228.111971268,"data":"Creating sequences...\n"}
,{"stream_name":"stdout","time":228.580060995,"data":"Train: (121550, 50, 22)  Test: (30132, 50, 22)\n"}
,{"stream_name":"stdout","time":228.580097196,"data":"\n"}
,{"stream_name":"stdout","time":228.580102188,"data":"Class weights: [3.4095005989074707, 0.6262698173522949, 0.43077296018600464, 0.3941263258457184, 0.1393299102783203]\n"}
,{"stream_name":"stdout","time":300.772095266,"data":"BATCH folders found: 90\n"}
,{"stream_name":"stdout","time":300.772156469,"data":"Base directories: ['/kaggle/input/ff-2023-12-12-multi-modal-dataset-36', '/kaggle/input/ff-2023-12-12-multi-modal-dataset-26', '/kaggle/input/datasets/ramyharik/ff-2023-12-12-multi-modal-dataset-16']\n"}
,{"stream_name":"stdout","time":300.772163998,"data":"\n"}
,{"stream_name":"stdout","time":300.772169076,"data":"Image-eligible rows (state 4,9): 53881\n"}
,{"stream_name":"stdout","time":300.772173455,"data":"Sample test: 10/10 images matched\n"}
,{"stream_name":"stdout","time":300.772177989,"data":"Resolving all image paths...\n"}
,{"stream_name":"stdout","time":323.110864111,"data":"Total found: 29116 / 53881\n"}
,{"stream_name":"stdout","time":323.110910158,"data":"Image dataset ready: 29116 samples\n"}
,{"stream_name":"stdout","time":323.110916554,"data":"\n"}
,{"stream_name":"stdout","time":323.110926494,"data":"HAS_IMAGES = True\n"}
,{"stream_name":"stdout","time":323.147651587,"data":"Dataset classes defined.\n"}
,{"stream_name":"stdout","time":323.187902068,"data":"Models defined.\n"}
,{"stream_name":"stdout","time":323.226732237,"data":"Training functions ready.\n"}
,{"stream_name":"stdout","time":323.777272224,"data":"\n"}
,{"stream_name":"stdout","time":323.777303918,"data":"============================================================\n"}
,{"stream_name":"stdout","time":323.777309057,"data":" sensor_bilstm | Trainable params: 567,685\n"}
,{"stream_name":"stdout","time":323.777313379,"data":"============================================================\n"}
,{"stream_name":"stdout","time":342.997318586,"data":"Epoch  1/20 | Train Loss: 0.3396 Acc: 0.8768 | Val Loss: 0.3843 F1: 0.9043 | 19.2s\n"}
,{"stream_name":"stdout","time":361.41914389,"data":"Epoch  2/20 | Train Loss: 0.1948 Acc: 0.9331 | Val Loss: 0.3522 F1: 0.9081 | 18.4s\n"}
,{"stream_name":"stdout","time":379.741461258,"data":"Epoch  3/20 | Train Loss: 0.1575 Acc: 0.9472 | Val Loss: 0.3732 F1: 0.9079 | 18.3s\n"}
,{"stream_name":"stdout","time":398.186541055,"data":"Epoch  4/20 | Train Loss: 0.1339 Acc: 0.9554 | Val Loss: 0.3659 F1: 0.9045 | 18.4s\n"}
,{"stream_name":"stdout","time":416.567306797,"data":"Epoch  5/20 | Train Loss: 0.1148 Acc: 0.9627 | Val Loss: 0.3308 F1: 0.9108 | 18.4s\n"}
,{"stream_name":"stdout","time":435.225179025,"data":"Epoch  6/20 | Train Loss: 0.0977 Acc: 0.9690 | Val Loss: 0.4298 F1: 0.9053 | 18.6s\n"}
,{"stream_name":"stdout","time":453.784835684,"data":"Epoch  7/20 | Train Loss: 0.0811 Acc: 0.9748 | Val Loss: 0.4862 F1: 0.8967 | 18.6s\n"}
,{"stream_name":"stdout","time":472.17690702,"data":"Epoch  8/20 | Train Loss: 0.0716 Acc: 0.9801 | Val Loss: 0.5760 F1: 0.9025 | 18.4s\n"}
,{"stream_name":"stdout","time":490.677765649,"data":"Epoch  9/20 | Train Loss: 0.0652 Acc: 0.9824 | Val Loss: 0.5823 F1: 0.8939 | 18.5s\n"}
,{"stream_name":"stdout","time":509.180611173,"data":"Epoch 10/20 | Train Loss: 0.0596 Acc: 0.9850 | Val Loss: 0.4942 F1: 0.9123 | 18.5s\n"}
,{"stream_name":"stdout","time":527.789187829,"data":"Epoch 11/20 | Train Loss: 0.0577 Acc: 0.9857 | Val Loss: 0.5744 F1: 0.9025 | 18.6s\n"}
,{"stream_name":"stdout","time":546.283983947,"data":"Epoch 12/20 | Train Loss: 0.0288 Acc: 0.9933 | Val Loss: 0.5639 F1: 0.9121 | 18.5s\n"}
,{"stream_name":"stdout","time":564.691373886,"data":"Epoch 13/20 | Train Loss: 0.0283 Acc: 0.9935 | Val Loss: 0.5499 F1: 0.9121 | 18.4s\n"}
,{"stream_name":"stdout","time":582.982406447,"data":"Epoch 14/20 | Train Loss: 0.0314 Acc: 0.9934 | Val Loss: 0.6915 F1: 0.9000 | 18.3s\n"}
,{"stream_name":"stdout","time":601.447869715,"data":"Epoch 15/20 | Train Loss: 0.0329 Acc: 0.9931 | Val Loss: 0.6024 F1: 0.9131 | 18.5s\n"}
,{"stream_name":"stdout","time":620.15155315,"data":"Epoch 16/20 | Train Loss: 0.0308 Acc: 0.9932 | Val Loss: 0.6069 F1: 0.9125 | 18.7s\n"}
,{"stream_name":"stdout","time":638.673953057,"data":"Epoch 17/20 | Train Loss: 0.0332 Acc: 0.9930 | Val Loss: 0.5157 F1: 0.9163 | 18.5s\n"}
,{"stream_name":"stdout","time":657.211038653,"data":"Epoch 18/20 | Train Loss: 0.0155 Acc: 0.9964 | Val Loss: 0.5606 F1: 0.9215 | 18.5s\n"}
,{"stream_name":"stdout","time":675.766037163,"data":"Epoch 19/20 | Train Loss: 0.0164 Acc: 0.9964 | Val Loss: 0.7265 F1: 0.9110 | 18.6s\n"}
,{"stream_name":"stdout","time":694.328125106,"data":"Epoch 20/20 | Train Loss: 0.0187 Acc: 0.9963 | Val Loss: 0.5891 F1: 0.9188 | 18.6s\n"}
,{"stream_name":"stdout","time":695.981237961,"data":"\n"}
,{"stream_name":"stdout","time":695.981275756,"data":"--- sensor_bilstm Final Results ---\n"}
,{"stream_name":"stdout","time":695.981287916,"data":"Accuracy:  0.9224\n"}
,{"stream_name":"stdout","time":695.981311089,"data":"Precision: 0.9225\n"}
,{"stream_name":"stdout","time":695.981317253,"data":"Recall:    0.9224\n"}
,{"stream_name":"stdout","time":695.981359182,"data":"F1-Score:  0.9215\n"}
,{"stream_name":"stdout","time":695.98136336,"data":"                        precision    recall  f1-score   support\n"}
,{"stream_name":"stdout","time":695.981366965,"data":"\n"}
,{"stream_name":"stdout","time":695.981370238,"data":"               NoBody1       0.88      0.96      0.92       529\n"}
,{"stream_name":"stdout","time":695.981373868,"data":"                NoNose       0.91      0.96      0.94      5320\n"}
,{"stream_name":"stdout","time":695.981382011,"data":"        NoNose_NoBody2       0.88      0.95      0.91      4944\n"}
,{"stream_name":"stdout","time":695.981397544,"data":"NoNose_NoBody2_NoBody1       0.87      0.76      0.81      4482\n"}
,{"stream_name":"stdout","time":695.981401679,"data":"                Normal       0.96      0.95      0.95     14857\n"}
,{"stream_name":"stdout","time":695.981405723,"data":"\n"}
,{"stream_name":"stdout","time":695.981409795,"data":"              accuracy                           0.92     30132\n"}
,{"stream_name":"stdout","time":695.98141366,"data":"             macro avg       0.90      0.92      0.91     30132\n"}
,{"stream_name":"stdout","time":695.981417402,"data":"          weighted avg       0.92      0.92      0.92     30132\n"}
,{"stream_name":"stdout","time":695.981421727,"data":"\n"}
,{"stream_name":"stdout","time":696.173142096,"data":"이미지 클래스 분포: {np.int64(4): 3825, np.int64(1): 4245, np.int64(2): 6871, np.int64(0): 1093, np.int64(3): 7504}\n"}
,{"stream_name":"stdout","time":696.173180595,"data":"이미지 전용 class weights: [2.7056846618652344, 0.6966579556465149, 0.43040502071380615, 0.3940982222557068, 0.7731537818908691]\n"}
,{"stream_name":"stdout","time":696.23044905,"data":"Downloading: \"https://download.pytorch.org/models/resnet18-f37072fd.pth\" to /root/.cache/torch/hub/checkpoints/resnet18-f37072fd.pth\n"}
,{"stream_name":"stderr","time":696.231319014,"data":"\r  0%|          | 0.00/44.7M [00:00\u003c?, ?B/s]\n"}
,{"stream_name":"stderr","time":696.332208415,"data":"\r  0%|          | 0.00/44.7M [00:00\u003c?, ?B/s]\r 45%|████▍     | 19.9M/44.7M [00:00\u003c00:00, 207MB/s]\n"}
,{"stream_name":"stderr","time":696.432574672,"data":"\r 45%|████▍     | 19.9M/44.7M [00:00\u003c00:00, 207MB/s]\r 92%|█████████▏| 41.2M/44.7M [00:00\u003c00:00, 217MB/s]\n"}
,{"stream_name":"stderr","time":696.448102374,"data":"\r 92%|█████████▏| 41.2M/44.7M [00:00\u003c00:00, 217MB/s]\r100%|██████████| 44.7M/44.7M [00:00\u003c00:00, 216MB/s]\n"}
,{"stream_name":"stdout","time":696.513404718,"data":"\n"}
,{"stream_name":"stdout","time":696.513452268,"data":"============================================================\n"}
,{"stream_name":"stdout","time":696.513460946,"data":" image_resnet18 | Trainable params: 66,309\n"}
,{"stream_name":"stdout","time":696.513465418,"data":"============================================================\n"}
,{"stream_name":"stderr","time":696.514201441,"data":"\r100%|██████████| 44.7M/44.7M [00:00\u003c00:00, 216MB/s]\n"}
,{"stream_name":"stderr","time":696.514219201,"data":"\n"}
,{"stream_name":"stderr","time":696.514223833,"data":"\n"}
,{"stream_name":"stdout","time":1207.58161876,"data":"Epoch  1/20 | Train Loss: 1.5824 Acc: 0.2663 | Val Loss: 1.4213 F1: 0.5284 | 511.0s\n"}
,{"stream_name":"stdout","time":1694.26045955,"data":"Epoch  2/20 | Train Loss: 1.5371 Acc: 0.2816 | Val Loss: 1.3619 F1: 0.1832 | 486.7s\n"}
,{"stream_name":"stdout","time":2178.34336375,"data":"Epoch  3/20 | Train Loss: 1.5334 Acc: 0.2852 | Val Loss: 1.3756 F1: 0.1793 | 484.1s\n"}
,{"stream_name":"stdout","time":2670.930762122,"data":"Epoch  4/20 | Train Loss: 1.5269 Acc: 0.2944 | Val Loss: 1.3587 F1: 0.4591 | 492.6s\n"}
,{"stream_name":"stdout","time":3164.074388929,"data":"Epoch  5/20 | Train Loss: 1.5278 Acc: 0.2937 | Val Loss: 1.3663 F1: 0.3806 | 493.1s\n"}
,{"stream_name":"stdout","time":3651.342660855,"data":"Epoch  6/20 | Train Loss: 1.5217 Acc: 0.2993 | Val Loss: 1.3952 F1: 0.3582 | 487.3s\n"}
,{"stream_name":"stdout","time":4134.722456295,"data":"Epoch  7/20 | Train Loss: 1.5190 Acc: 0.2914 | Val Loss: 1.2914 F1: 0.3452 | 483.4s\n"}
,{"stream_name":"stdout","time":4619.671893438,"data":"Epoch  8/20 | Train Loss: 1.5221 Acc: 0.2985 | Val Loss: 1.4158 F1: 0.3111 | 484.9s\n"}
,{"stream_name":"stdout","time":5105.184961319,"data":"Epoch  9/20 | Train Loss: 1.5146 Acc: 0.2988 | Val Loss: 1.3992 F1: 0.3130 | 485.5s\n"}
,{"stream_name":"stdout","time":5593.730451603,"data":"Epoch 10/20 | Train Loss: 1.5056 Acc: 0.2909 | Val Loss: 1.3879 F1: 0.3659 | 488.5s\n"}
,{"stream_name":"stdout","time":6083.965742564,"data":"Epoch 11/20 | Train Loss: 1.5074 Acc: 0.2958 | Val Loss: 1.3894 F1: 0.3304 | 490.0s\n"}
,{"stream_name":"stdout","time":6083.96628618,"data":"Early stopping at epoch 11\n"}
,{"stream_name":"stdout","time":6157.628004414,"data":"\n"}
,{"stream_name":"stdout","time":6157.628035871,"data":"--- image_resnet18 Final Results ---\n"}
,{"stream_name":"stdout","time":6157.628041835,"data":"Accuracy:  0.5674\n"}
,{"stream_name":"stdout","time":6157.628046489,"data":"Precision: 0.4966\n"}
,{"stream_name":"stdout","time":6157.628050892,"data":"Recall:    0.5674\n"}
,{"stream_name":"stdout","time":6157.62805532,"data":"F1-Score:  0.5284\n"}
,{"stream_name":"stdout","time":6157.628060725,"data":"                        precision    recall  f1-score   support\n"}
,{"stream_name":"stdout","time":6157.628066173,"data":"\n"}
,{"stream_name":"stdout","time":6157.62807086,"data":"               NoBody1       0.00      0.00      0.00       219\n"}
,{"stream_name":"stdout","time":6157.628076378,"data":"                NoNose       0.53      0.53      0.53      1704\n"}
,{"stream_name":"stdout","time":6157.628081065,"data":"        NoNose_NoBody2       0.42      0.54      0.47      1670\n"}
,{"stream_name":"stdout","time":6157.62808559,"data":"NoNose_NoBody2_NoBody1       0.79      0.93      0.85      1480\n"}
,{"stream_name":"stdout","time":6157.628090023,"data":"                Normal       0.00      0.00      0.00       505\n"}
,{"stream_name":"stdout","time":6157.628094554,"data":"\n"}
,{"stream_name":"stdout","time":6157.628098934,"data":"              accuracy                           0.57      5578\n"}
,{"stream_name":"stdout","time":6157.628103454,"data":"             macro avg       0.35      0.40      0.37      5578\n"}
,{"stream_name":"stdout","time":6157.6281082,"data":"          weighted avg       0.50      0.57      0.53      5578\n"}
,{"stream_name":"stdout","time":6157.628112714,"data":"\n"}
,{"stream_name":"stdout","time":6157.828065214,"data":"Creating multimodal dataset...\n"}
,{"stream_name":"stdout","time":6159.512345832,"data":"Train: (39624, 50, 22), images: 21675\n"}
,{"stream_name":"stdout","time":6159.512386855,"data":"Test:  (9521, 50, 22), images: 5095\n"}
,{"stream_name":"stdout","time":6159.512391315,"data":"Fusion class dist: {4: 20342, 1: 4579, 2: 6871, 0: 328, 3: 7504}\n"}
,{"stream_name":"stdout","time":6159.512394821,"data":"Fusion class weights: [4.240153789520264, 0.3037279546260834, 0.20241163671016693, 0.18533720076084137, 0.06836940348148346]\n"}
,{"stream_name":"stdout","time":6159.728261419,"data":"\n"}
,{"stream_name":"stdout","time":6159.728293618,"data":"============================================================\n"}
,{"stream_name":"stdout","time":6159.72831191,"data":" fusion_dlf | Trainable params: 198,149\n"}
,{"stream_name":"stdout","time":6159.728316503,"data":"============================================================\n"}
,{"stream_name":"stdout","time":6556.151755246,"data":"Epoch  1/20 | Train Loss: 0.1158 Acc: 0.9856 | Val Loss: 1.0010 F1: 0.8793 | 396.3s\n"}
,{"stream_name":"stdout","time":6949.29417512,"data":"Epoch  2/20 | Train Loss: 0.0542 Acc: 0.9932 | Val Loss: 0.9642 F1: 0.8817 | 393.0s\n"}
,{"stream_name":"stdout","time":7340.088252907,"data":"Epoch  3/20 | Train Loss: 0.0544 Acc: 0.9937 | Val Loss: 1.3072 F1: 0.8776 | 390.8s\n"}
,{"stream_name":"stdout","time":7731.960678291,"data":"Epoch  4/20 | Train Loss: 0.0491 Acc: 0.9943 | Val Loss: 1.4956 F1: 0.8764 | 391.9s\n"}
,{"stream_name":"stdout","time":8121.719254994,"data":"Epoch  5/20 | Train Loss: 0.0512 Acc: 0.9944 | Val Loss: 1.0705 F1: 0.8795 | 389.8s\n"}
,{"stream_name":"stdout","time":8511.763531859,"data":"Epoch  6/20 | Train Loss: 0.0451 Acc: 0.9945 | Val Loss: 1.1282 F1: 0.8817 | 390.0s\n"}
,{"stream_name":"stdout","time":8901.659775795,"data":"Epoch  7/20 | Train Loss: 0.0373 Acc: 0.9948 | Val Loss: 1.2120 F1: 0.8818 | 389.8s\n"}
,{"stream_name":"stdout","time":9290.425959834,"data":"Epoch  8/20 | Train Loss: 0.0507 Acc: 0.9945 | Val Loss: 0.8726 F1: 0.8851 | 388.6s\n"}
,{"stream_name":"stdout","time":9681.283490642,"data":"Epoch  9/20 | Train Loss: 0.0392 Acc: 0.9952 | Val Loss: 0.9206 F1: 0.8869 | 390.7s\n"}
,{"stream_name":"stdout","time":10072.508851621,"data":"Epoch 10/20 | Train Loss: 0.0447 Acc: 0.9948 | Val Loss: 1.0046 F1: 0.8866 | 391.2s\n"}
,{"stream_name":"stdout","time":10465.515668306,"data":"Epoch 11/20 | Train Loss: 0.0456 Acc: 0.9947 | Val Loss: 1.0836 F1: 0.8864 | 393.0s\n"}
,{"stream_name":"stdout","time":10856.874346486,"data":"Epoch 12/20 | Train Loss: 0.0459 Acc: 0.9949 | Val Loss: 1.0025 F1: 0.8822 | 391.4s\n"}
,{"stream_name":"stdout","time":11249.195765303,"data":"Epoch 13/20 | Train Loss: 0.0591 Acc: 0.9944 | Val Loss: 0.9325 F1: 0.8869 | 392.3s\n"}
,{"stream_name":"stdout","time":11638.66015269,"data":"Epoch 14/20 | Train Loss: 0.0597 Acc: 0.9944 | Val Loss: 1.1863 F1: 0.8814 | 389.5s\n"}
,{"stream_name":"stdout","time":12031.785971797,"data":"Epoch 15/20 | Train Loss: 0.0321 Acc: 0.9959 | Val Loss: 1.1087 F1: 0.8813 | 393.1s\n"}
,{"stream_name":"stdout","time":12426.29953204,"data":"Epoch 16/20 | Train Loss: 0.0338 Acc: 0.9963 | Val Loss: 1.1875 F1: 0.8827 | 394.5s\n"}
,{"stream_name":"stdout","time":12814.87109663,"data":"Epoch 17/20 | Train Loss: 0.0323 Acc: 0.9960 | Val Loss: 1.0500 F1: 0.8806 | 388.6s\n"}
,{"stream_name":"stdout","time":13205.475341225,"data":"Epoch 18/20 | Train Loss: 0.0393 Acc: 0.9959 | Val Loss: 0.9794 F1: 0.8848 | 390.6s\n"}
,{"stream_name":"stdout","time":13596.102114531,"data":"Epoch 19/20 | Train Loss: 0.0322 Acc: 0.9959 | Val Loss: 0.9271 F1: 0.8861 | 390.6s\n"}
,{"stream_name":"stdout","time":13596.102165105,"data":"Early stopping at epoch 19\n"}
,{"stream_name":"stdout","time":13668.707046113,"data":"\n"}
,{"stream_name":"stdout","time":13668.707084349,"data":"--- fusion_dlf Final Results ---\n"}
,{"stream_name":"stdout","time":13668.707091504,"data":"Accuracy:  0.8928\n"}
,{"stream_name":"stdout","time":13668.707096972,"data":"Precision: 0.8888\n"}
,{"stream_name":"stdout","time":13668.707102679,"data":"Recall:    0.8928\n"}
,{"stream_name":"stdout","time":13668.707108469,"data":"F1-Score:  0.8869\n"}
,{"stream_name":"stdout","time":13668.707113793,"data":"                        precision    recall  f1-score   support\n"}
,{"stream_name":"stdout","time":13668.707119932,"data":"\n"}
,{"stream_name":"stdout","time":13668.70712536,"data":"               NoBody1       0.71      0.82      0.76        57\n"}
,{"stream_name":"stdout","time":13668.70715005,"data":"                NoNose       0.97      0.97      0.97      1704\n"}
,{"stream_name":"stdout","time":13668.707154594,"data":"        NoNose_NoBody2       0.81      0.93      0.87      1670\n"}
,{"stream_name":"stdout","time":13668.707158958,"data":"NoNose_NoBody2_NoBody1       0.77      0.55      0.64      1480\n"}
,{"stream_name":"stdout","time":13668.707162572,"data":"                Normal       0.92      0.96      0.94      4610\n"}
,{"stream_name":"stdout","time":13668.707166391,"data":"\n"}
,{"stream_name":"stdout","time":13668.707170678,"data":"              accuracy                           0.89      9521\n"}
,{"stream_name":"stdout","time":13668.707174766,"data":"             macro avg       0.84      0.85      0.84      9521\n"}
,{"stream_name":"stdout","time":13668.707179835,"data":"          weighted avg       0.89      0.89      0.89      9521\n"}
,{"stream_name":"stdout","time":13668.707184236,"data":"\n"}
,{"stream_name":"stdout","time":13668.727250645,"data":"\n"}
,{"stream_name":"stdout","time":13668.727279371,"data":"============================================================\n"}
,{"stream_name":"stdout","time":13668.727284034,"data":" fusion_crossattn | Trainable params: 593,413\n"}
,{"stream_name":"stdout","time":13668.727287785,"data":"============================================================\n"}
,{"stream_name":"stdout","time":14058.850023848,"data":"Epoch  1/20 | Train Loss: 0.0643 Acc: 0.9907 | Val Loss: 1.0719 F1: 0.8750 | 390.0s\n"}
,{"stream_name":"stdout","time":14446.184645207,"data":"Epoch  2/20 | Train Loss: 0.0255 Acc: 0.9958 | Val Loss: 0.9721 F1: 0.8779 | 387.2s\n"}
,{"stream_name":"stdout","time":14835.371745875,"data":"Epoch  3/20 | Train Loss: 0.0191 Acc: 0.9962 | Val Loss: 0.8107 F1: 0.8792 | 389.1s\n"}
,{"stream_name":"stdout","time":15228.244562552,"data":"Epoch  4/20 | Train Loss: 0.0165 Acc: 0.9962 | Val Loss: 0.7991 F1: 0.8829 | 392.8s\n"}
,{"stream_name":"stdout","time":15619.860401422,"data":"Epoch  5/20 | Train Loss: 0.0123 Acc: 0.9963 | Val Loss: 0.7193 F1: 0.8825 | 391.6s\n"}
,{"stream_name":"stdout","time":16010.852599741,"data":"Epoch  6/20 | Train Loss: 0.0106 Acc: 0.9971 | Val Loss: 0.7919 F1: 0.8787 | 391.0s\n"}
,{"stream_name":"stdout","time":16403.568002144,"data":"Epoch  7/20 | Train Loss: 0.0135 Acc: 0.9967 | Val Loss: 0.7759 F1: 0.8796 | 392.7s\n"}
,{"stream_name":"stdout","time":16796.063538106,"data":"Epoch  8/20 | Train Loss: 0.0114 Acc: 0.9970 | Val Loss: 0.8557 F1: 0.8829 | 392.5s\n"}
,{"stream_name":"stdout","time":17187.539424446,"data":"Epoch  9/20 | Train Loss: 0.0126 Acc: 0.9967 | Val Loss: 0.8528 F1: 0.8835 | 391.4s\n"}
,{"stream_name":"stdout","time":17577.067475132,"data":"Epoch 10/20 | Train Loss: 0.0128 Acc: 0.9966 | Val Loss: 0.6521 F1: 0.8826 | 389.5s\n"}
,{"stream_name":"stdout","time":17968.160894377,"data":"Epoch 11/20 | Train Loss: 0.0111 Acc: 0.9968 | Val Loss: 0.7099 F1: 0.8804 | 391.1s\n"}
,{"stream_name":"stdout","time":18366.000966506,"data":"Epoch 12/20 | Train Loss: 0.0201 Acc: 0.9964 | Val Loss: 0.9050 F1: 0.8762 | 397.8s\n"}
,{"stream_name":"stdout","time":18759.519483244,"data":"Epoch 13/20 | Train Loss: 0.0128 Acc: 0.9963 | Val Loss: 0.7209 F1: 0.8848 | 393.4s\n"}
,{"stream_name":"stdout","time":19154.083742113,"data":"Epoch 14/20 | Train Loss: 0.0116 Acc: 0.9971 | Val Loss: 0.7849 F1: 0.8834 | 394.6s\n"}
,{"stream_name":"stdout","time":19569.484692373,"data":"Epoch 15/20 | Train Loss: 0.0106 Acc: 0.9969 | Val Loss: 0.8260 F1: 0.8797 | 415.4s\n"}
,{"stream_name":"stdout","time":19962.137495652,"data":"Epoch 16/20 | Train Loss: 0.0147 Acc: 0.9966 | Val Loss: 0.6707 F1: 0.8845 | 392.7s\n"}
,{"stream_name":"stdout","time":20353.852900037,"data":"Epoch 17/20 | Train Loss: 0.0090 Acc: 0.9973 | Val Loss: 0.7560 F1: 0.8806 | 391.7s\n"}
,{"stream_name":"stdout","time":20746.885225467,"data":"Epoch 18/20 | Train Loss: 0.0080 Acc: 0.9974 | Val Loss: 0.7526 F1: 0.8810 | 393.0s\n"}
,{"stream_name":"stdout","time":21134.823901816,"data":"Epoch 19/20 | Train Loss: 0.0066 Acc: 0.9977 | Val Loss: 0.7297 F1: 0.8859 | 387.9s\n"}
,{"stream_name":"stdout","time":21520.263873722,"data":"Epoch 20/20 | Train Loss: 0.0102 Acc: 0.9972 | Val Loss: 0.8095 F1: 0.8809 | 385.4s\n"}
,{"stream_name":"stdout","time":21592.75406453,"data":"\n"}
,{"stream_name":"stdout","time":21592.754102008,"data":"--- fusion_crossattn Final Results ---\n"}
,{"stream_name":"stdout","time":21592.754108715,"data":"Accuracy:  0.8911\n"}
,{"stream_name":"stdout","time":21592.754115245,"data":"Precision: 0.8866\n"}
,{"stream_name":"stdout","time":21592.75412034,"data":"Recall:    0.8911\n"}
,{"stream_name":"stdout","time":21592.754124988,"data":"F1-Score:  0.8859\n"}
,{"stream_name":"stdout","time":21592.754130494,"data":"                        precision    recall  f1-score   support\n"}
,{"stream_name":"stdout","time":21592.754135571,"data":"\n"}
,{"stream_name":"stdout","time":21592.754140945,"data":"               NoBody1       0.79      0.88      0.83        57\n"}
,{"stream_name":"stdout","time":21592.754146473,"data":"                NoNose       0.97      0.97      0.97      1704\n"}
,{"stream_name":"stdout","time":21592.754151342,"data":"        NoNose_NoBody2       0.81      0.92      0.86      1670\n"}
,{"stream_name":"stdout","time":21592.754156249,"data":"NoNose_NoBody2_NoBody1       0.75      0.56      0.64      1480\n"}
,{"stream_name":"stdout","time":21592.754160976,"data":"                Normal       0.93      0.96      0.94      4610\n"}
,{"stream_name":"stdout","time":21592.754165892,"data":"\n"}
,{"stream_name":"stdout","time":21592.754170795,"data":"              accuracy                           0.89      9521\n"}
,{"stream_name":"stdout","time":21592.75417581,"data":"             macro avg       0.85      0.86      0.85      9521\n"}
,{"stream_name":"stdout","time":21592.754181216,"data":"          weighted avg       0.89      0.89      0.89      9521\n"}
,{"stream_name":"stdout","time":21592.754187423,"data":"\n"}
,{"stream_name":"stdout","time":21666.602251393,"data":"\n"}
,{"stream_name":"stdout","time":21666.60229938,"data":"========================================================================\n"}
,{"stream_name":"stdout","time":21666.602310014,"data":" FAIR COMPARISON  (all models on the SAME cycle 4·9 test set)\n"}
,{"stream_name":"stdout","time":21666.602317662,"data":"========================================================================\n"}
,{"stream_name":"stdout","time":21666.602324765,"data":"Model                           Accuracy Precision    Recall        F1\n"}
,{"stream_name":"stdout","time":21666.602331896,"data":"------------------------------------------------------------------------\n"}
,{"stream_name":"stdout","time":21666.60233818,"data":"Sensor@cyc4_9                     0.8763    0.8707    0.8763    0.8710\n"}
,{"stream_name":"stdout","time":21666.602344042,"data":"Image@cyc4_9                      0.2957    0.2773    0.2957    0.2795\n"}
,{"stream_name":"stdout","time":21666.602349966,"data":"Fusion-Concat                     0.8928    0.8888    0.8928    0.8869\n"}
,{"stream_name":"stdout","time":21666.602356021,"data":"Fusion-CrossAttn                  0.8911    0.8866    0.8911    0.8859\n"}
,{"stream_name":"stdout","time":21666.602362291,"data":"========================================================================\n"}
,{"stream_name":"stdout","time":21666.602369168,"data":"\n"}
,{"stream_name":"stdout","time":21666.60237494,"data":"[GOAL] 센서@cyc4_9 F1=0.8710 | best Fusion F1=0.8869 | DONE: Fusion\u003e=Sensor\n"}
,{"stream_name":"stdout","time":22045.286245999,"data":"\n"}
,{"stream_name":"stdout","time":22045.286307417,"data":"========================================================================\n"}
,{"stream_name":"stdout","time":22045.286315324,"data":" DECISION-LEVEL FUSION (late) | best image weight w=0.90 (tuned on train)\n"}
,{"stream_name":"stdout","time":22045.28632069,"data":"========================================================================\n"}
,{"stream_name":"stdout","time":22045.286326194,"data":"Sensor@cyc4_9      F1 : 0.8710\n"}
,{"stream_name":"stdout","time":22045.286332134,"data":"Fusion-Concat      F1 : 0.8869\n"}
,{"stream_name":"stdout","time":22045.286337163,"data":"Decision-Fusion    F1 : 0.8747   (img-present 5095/9521)\n"}
,{"stream_name":"stdout","time":22045.286342392,"data":"========================================================================\n"}
,{"stream_name":"stdout","time":22045.286347424,"data":"[GOAL-DLF] *** ACHIEVED: Decision-Fusion \u003e Sensor ***\n"}
,{"stream_name":"stdout","time":22045.286357746,"data":"========================================================================\n"}
,{"stream_name":"stdout","time":22047.234898718,"data":"\n"}
,{"stream_name":"stdout","time":22047.234934583,"data":"======================================================================\n"}
,{"stream_name":"stdout","time":22047.234939646,"data":" FINAL RESULTS SUMMARY\n"}
,{"stream_name":"stdout","time":22047.234943376,"data":"======================================================================\n"}
,{"stream_name":"stdout","time":22047.23494775,"data":"Model                       Accuracy  Precision     Recall         F1\n"}
,{"stream_name":"stdout","time":22047.234967217,"data":"----------------------------------------------------------------------\n"}
,{"stream_name":"stdout","time":22047.234973612,"data":"Sensor (BiLSTM)               0.9224     0.9225     0.9224     0.9215\n"}
,{"stream_name":"stdout","time":22047.23497939,"data":"Image (ResNet18)              0.5674     0.4966     0.5674     0.5284\n"}
,{"stream_name":"stdout","time":22047.234985755,"data":"Fusion-Concat                 0.8928     0.8888     0.8928     0.8869\n"}
,{"stream_name":"stdout","time":22047.234991167,"data":"Fusion-CrossAttn              0.8911     0.8866     0.8911     0.8859\n"}
,{"stream_name":"stdout","time":22047.234996321,"data":"======================================================================\n"}
,{"stream_name":"stdout","time":22047.235001508,"data":"\n"}
,{"stream_name":"stdout","time":22047.235006423,"data":"Done!\n"}
,{"stream_name":"stderr","time":22053.314024643,"data":"/usr/local/lib/python3.12/dist-packages/mistune.py:435: SyntaxWarning: invalid escape sequence '\\|'\n"}
,{"stream_name":"stderr","time":22053.314061007,"data":"  cells[i][c] = re.sub('\\\\\\\\\\|', '|', cell)\n"}
,{"stream_name":"stderr","time":22053.558959846,"data":"/usr/local/lib/python3.12/dist-packages/nbconvert/filters/filter_links.py:36: SyntaxWarning: invalid escape sequence '\\_'\n"}
,{"stream_name":"stderr","time":22053.558990509,"data":"  text = re.sub(r'_', '\\_', text) # Escape underscores in display text\n"}
,{"stream_name":"stderr","time":22054.352953338,"data":"[NbConvertApp] Converting notebook __notebook__.ipynb to notebook\n"}
,{"stream_name":"stderr","time":22054.700079351,"data":"[NbConvertApp] Writing 474518 bytes to __notebook__.ipynb\n"}
,{"stream_name":"stderr","time":22057.068897609,"data":"[NbConvertApp] Converting notebook __notebook__.ipynb to html\n"}
,{"stream_name":"stderr","time":22058.26867841,"data":"[NbConvertApp] Support files will be in __results___files/\n"}
,{"stream_name":"stderr","time":22058.268717226,"data":"[NbConvertApp] Making directory __results___files\n"}
,{"stream_name":"stderr","time":22058.269078626,"data":"[NbConvertApp] Making directory __results___files\n"}
,{"stream_name":"stderr","time":22058.269264469,"data":"[NbConvertApp] Making directory __results___files\n"}
,{"stream_name":"stderr","time":22058.269540304,"data":"[NbConvertApp] Making directory __results___files\n"}
,{"stream_name":"stderr","time":22058.269854378,"data":"[NbConvertApp] Writing 499177 bytes to __results__.html\n"}
]