[{"stream_name":"stderr","time":12.274337977,"data":"0.00s - Debugger warning: It seems that frozen modules are being used, which may\n"}
,{"stream_name":"stderr","time":12.274390387,"data":"0.00s - make the debugger miss breakpoints. Please pass -Xfrozen_modules=off\n"}
,{"stream_name":"stderr","time":12.274394819,"data":"0.00s - to python to disable frozen modules.\n"}
,{"stream_name":"stderr","time":12.274397713,"data":"0.00s - Note: Debugging will proceed. Set PYDEVD_DISABLE_FILE_VALIDATION=1 to disable this validation.\n"}
,{"stream_name":"stderr","time":13.078223832,"data":"0.00s - Debugger warning: It seems that frozen modules are being used, which may\n"}
,{"stream_name":"stderr","time":13.078254889,"data":"0.00s - make the debugger miss breakpoints. Please pass -Xfrozen_modules=off\n"}
,{"stream_name":"stderr","time":13.078265197,"data":"0.00s - to python to disable frozen modules.\n"}
,{"stream_name":"stderr","time":13.078268942,"data":"0.00s - Note: Debugging will proceed. Set PYDEVD_DISABLE_FILE_VALIDATION=1 to disable this validation.\n"}
,{"stream_name":"stdout","time":34.531737138,"data":"Device: cuda\n"}
,{"stream_name":"stdout","time":34.531794069,"data":"GPU: Tesla T4\n"}
,{"stream_name":"stdout","time":321.018731945,"data":"CSV found: /kaggle/input/datasets/hyunsungha/ff-multimodal-csv/FF_Multimodal.csv\n"}
,{"stream_name":"stdout","time":541.54264746,"data":"Image dirs found: 90 BATCH folders\n"}
,{"stream_name":"stdout","time":541.542682198,"data":"Base dirs: ['/kaggle/input/ff-2023-12-12-multi-modal-dataset-36', '/kaggle/input/ff-2023-12-12-multi-modal-dataset-26', '/kaggle/input/datasets/ramyharik/ff-2023-12-12-multi-modal-dataset-16']\n"}
,{"stream_name":"stdout","time":541.542725543,"data":"ON_KAGGLE: True\n"}
,{"stream_name":"stdout","time":541.542732284,"data":"Sensor features: 22\n"}
,{"stream_name":"stdout","time":541.737702168,"data":"Loading CSV...\n"}
,{"stream_name":"stdout","time":543.744761889,"data":"Raw shape: (166001, 51)\n"}
,{"stream_name":"stdout","time":543.744809674,"data":"Columns: ['time', 'Q_VFD1_Temperature', 'Q_VFD2_Temperature', 'Q_VFD3_Temperature', 'Q_VFD4_Temperature', 'M_Conv1_Speed_mmps', 'M_Conv2_Speed_mmps', 'M_Conv3_Speed_mmps', 'M_Conv4_Speed_mmps', 'I_R01_Gripper_Pot', 'I_R01_Gripper_Load', 'I_R02_Gripper_Pot', 'I_R02_Gripper_Load', 'I_R03_Gripper_Pot', 'I_R03_Gripper_Load', 'I_R04_Gripper_Pot', 'I_R04_Gripper_Load', 'M_R01_SJointAngle_Degree', 'M_R01_LJointAngle_Degree', 'M_R01_UJointAngle_Degree', 'M_R01_RJointAngle_Degree', 'M_R01_BJointAngle_Degree', 'M_R01_TJointAngle_Degree', 'M_R02_SJointAngle_Degree', 'M_R02_LJointAngle_Degree', 'M_R02_UJointAngle_Degree', 'M_R02_RJointAngle_Degree', 'M_R02_BJointAngle_Degree', 'M_R02_TJointAngle_Degree', 'M_R03_SJointAngle_Degree', 'M_R03_LJointAngle_Degree', 'M_R03_UJointAngle_Degree', 'M_R03_RJointAngle_Degree', 'M_R03_BJointAngle_Degree', 'M_R03_TJointAngle_Degree', 'M_R04_SJointAngle_Degree', 'M_R04_LJointAngle_Degree', 'M_R04_UJointAngle_Degree', 'M_R04_RJointAngle_Degree', 'M_R04_BJointAngle_Degree', 'M_R04_TJointAngle_Degree', 'I_SafetyDoor1_Status', 'I_SafetyDoor2_Status', 'Q_Cell_CycleCount', 'I_MHS_GreenRocketTray', 'Cam1', 'Cam2', 'Description', 'CycleState', 'Cycle_Count_New', 'actual_state']\n"}
,{"stream_name":"stdout","time":543.990008018,"data":"Cleaned shape: (165932, 53)\n"}
,{"stream_name":"stdout","time":543.990055099,"data":"\n"}
,{"stream_name":"stdout","time":543.990062717,"data":"Classes (5): ['NoBody1', 'NoNose', 'NoNose_NoBody2', 'NoNose_NoBody2_NoBody1', 'Normal']\n"}
,{"stream_name":"stdout","time":543.990069368,"data":"\n"}
,{"stream_name":"stdout","time":543.990074793,"data":"Label distribution:\n"}
,{"stream_name":"stdout","time":543.990079639,"data":"label\n"}
,{"stream_name":"stdout","time":543.990084695,"data":"Normal                    90775\n"}
,{"stream_name":"stdout","time":543.990107738,"data":"NoNose_NoBody2_NoBody1    26628\n"}
,{"stream_name":"stdout","time":543.990114689,"data":"NoNose_NoBody2            25206\n"}
,{"stream_name":"stdout","time":543.990119568,"data":"NoNose                    19307\n"}
,{"stream_name":"stdout","time":543.990123146,"data":"NoBody1                    4016\n"}
,{"stream_name":"stdout","time":543.990126893,"data":"Name: count, dtype: int64\n"}
,{"stream_name":"stdout","time":545.263078212,"data":"Train: 132950 samples (228 cycles)\n"}
,{"stream_name":"stdout","time":545.263119641,"data":"Test:  32982 samples (57 cycles)\n"}
,{"stream_name":"stdout","time":545.263140831,"data":"\n"}
,{"stream_name":"stdout","time":545.263143514,"data":"Train labels:\n"}
,{"stream_name":"stdout","time":545.263145986,"data":"label\n"}
,{"stream_name":"stdout","time":545.263149016,"data":"Normal                    73230\n"}
,{"stream_name":"stdout","time":545.263151568,"data":"NoNose_NoBody2_NoBody1    22146\n"}
,{"stream_name":"stdout","time":545.263153872,"data":"NoNose_NoBody2            20262\n"}
,{"stream_name":"stdout","time":545.263156324,"data":"NoNose                    13987\n"}
,{"stream_name":"stdout","time":545.263158698,"data":"NoBody1                    3325\n"}
,{"stream_name":"stdout","time":545.263160972,"data":"Name: count, dtype: int64\n"}
,{"stream_name":"stdout","time":545.263163218,"data":"\n"}
,{"stream_name":"stdout","time":545.263165474,"data":"Test labels:\n"}
,{"stream_name":"stdout","time":545.263167713,"data":"label\n"}
,{"stream_name":"stdout","time":545.263169913,"data":"Normal                    17545\n"}
,{"stream_name":"stdout","time":545.263172192,"data":"NoNose                     5320\n"}
,{"stream_name":"stdout","time":545.263174526,"data":"NoNose_NoBody2             4944\n"}
,{"stream_name":"stdout","time":545.263176808,"data":"NoNose_NoBody2_NoBody1     4482\n"}
,{"stream_name":"stdout","time":545.26317905,"data":"NoBody1                     691\n"}
,{"stream_name":"stdout","time":545.263181381,"data":"Name: count, dtype: int64\n"}
,{"stream_name":"stdout","time":545.463671628,"data":"Creating sequences...\n"}
,{"stream_name":"stdout","time":546.015415088,"data":"Train: (121550, 50, 22)  Test: (30132, 50, 22)\n"}
,{"stream_name":"stdout","time":546.015460947,"data":"\n"}
,{"stream_name":"stdout","time":546.015466908,"data":"Class weights: [3.4095005989074707, 0.6262698173522949, 0.43077296018600464, 0.3941263258457184, 0.1393299102783203]\n"}
,{"stream_name":"stdout","time":657.076811947,"data":"BATCH folders found: 90\n"}
,{"stream_name":"stdout","time":657.076848951,"data":"Base directories: ['/kaggle/input/ff-2023-12-12-multi-modal-dataset-36', '/kaggle/input/ff-2023-12-12-multi-modal-dataset-26', '/kaggle/input/datasets/ramyharik/ff-2023-12-12-multi-modal-dataset-16']\n"}
,{"stream_name":"stdout","time":657.076854085,"data":"\n"}
,{"stream_name":"stdout","time":657.076857479,"data":"Image-eligible rows (state 4,9): 53881\n"}
,{"stream_name":"stdout","time":657.076861747,"data":"Sample test: 10/10 images matched\n"}
,{"stream_name":"stdout","time":657.076883145,"data":"Resolving all image paths...\n"}
,{"stream_name":"stdout","time":689.674823367,"data":"Total found: 29116 / 53881\n"}
,{"stream_name":"stdout","time":689.674861584,"data":"Image dataset ready: 29116 samples\n"}
,{"stream_name":"stdout","time":689.67487929,"data":"\n"}
,{"stream_name":"stdout","time":689.674885406,"data":"HAS_IMAGES = True\n"}
,{"stream_name":"stdout","time":689.71059074,"data":"Dataset classes defined.\n"}
,{"stream_name":"stdout","time":689.758377632,"data":"Models defined.\n"}
,{"stream_name":"stdout","time":689.805475891,"data":"Training functions ready.\n"}
,{"stream_name":"stdout","time":690.541000967,"data":"\n"}
,{"stream_name":"stdout","time":690.541032077,"data":"============================================================\n"}
,{"stream_name":"stdout","time":690.54103709,"data":" sensor_bilstm | Trainable params: 567,685\n"}
,{"stream_name":"stdout","time":690.54104102,"data":"============================================================\n"}
,{"stream_name":"stdout","time":711.3305089,"data":"Epoch  1/20 | Train Loss: 0.3396 Acc: 0.8768 | Val Loss: 0.3843 F1: 0.9043 | 20.8s\n"}
,{"stream_name":"stdout","time":730.423686813,"data":"Epoch  2/20 | Train Loss: 0.1948 Acc: 0.9331 | Val Loss: 0.3522 F1: 0.9081 | 19.1s\n"}
,{"stream_name":"stdout","time":749.351837743,"data":"Epoch  3/20 | Train Loss: 0.1575 Acc: 0.9472 | Val Loss: 0.3732 F1: 0.9079 | 18.9s\n"}
,{"stream_name":"stdout","time":768.355009949,"data":"Epoch  4/20 | Train Loss: 0.1339 Acc: 0.9554 | Val Loss: 0.3659 F1: 0.9045 | 19.0s\n"}
,{"stream_name":"stdout","time":787.364105349,"data":"Epoch  5/20 | Train Loss: 0.1148 Acc: 0.9627 | Val Loss: 0.3308 F1: 0.9108 | 19.0s\n"}
,{"stream_name":"stdout","time":806.375848657,"data":"Epoch  6/20 | Train Loss: 0.0977 Acc: 0.9690 | Val Loss: 0.4298 F1: 0.9053 | 19.0s\n"}
,{"stream_name":"stdout","time":825.457785602,"data":"Epoch  7/20 | Train Loss: 0.0811 Acc: 0.9748 | Val Loss: 0.4862 F1: 0.8967 | 19.1s\n"}
,{"stream_name":"stdout","time":844.800138112,"data":"Epoch  8/20 | Train Loss: 0.0716 Acc: 0.9801 | Val Loss: 0.5760 F1: 0.9025 | 19.3s\n"}
,{"stream_name":"stdout","time":864.135055173,"data":"Epoch  9/20 | Train Loss: 0.0652 Acc: 0.9824 | Val Loss: 0.5823 F1: 0.8939 | 19.3s\n"}
,{"stream_name":"stdout","time":883.345225091,"data":"Epoch 10/20 | Train Loss: 0.0596 Acc: 0.9850 | Val Loss: 0.4942 F1: 0.9123 | 19.2s\n"}
,{"stream_name":"stdout","time":902.674249967,"data":"Epoch 11/20 | Train Loss: 0.0577 Acc: 0.9857 | Val Loss: 0.5744 F1: 0.9025 | 19.3s\n"}
,{"stream_name":"stdout","time":921.814651019,"data":"Epoch 12/20 | Train Loss: 0.0288 Acc: 0.9933 | Val Loss: 0.5639 F1: 0.9121 | 19.1s\n"}
,{"stream_name":"stdout","time":941.043980877,"data":"Epoch 13/20 | Train Loss: 0.0283 Acc: 0.9935 | Val Loss: 0.5499 F1: 0.9121 | 19.2s\n"}
,{"stream_name":"stdout","time":960.18444631,"data":"Epoch 14/20 | Train Loss: 0.0314 Acc: 0.9934 | Val Loss: 0.6915 F1: 0.9000 | 19.1s\n"}
,{"stream_name":"stdout","time":979.33434124,"data":"Epoch 15/20 | Train Loss: 0.0329 Acc: 0.9931 | Val Loss: 0.6024 F1: 0.9131 | 19.2s\n"}
,{"stream_name":"stdout","time":998.568482375,"data":"Epoch 16/20 | Train Loss: 0.0308 Acc: 0.9932 | Val Loss: 0.6069 F1: 0.9125 | 19.2s\n"}
,{"stream_name":"stdout","time":1018.073229784,"data":"Epoch 17/20 | Train Loss: 0.0332 Acc: 0.9930 | Val Loss: 0.5157 F1: 0.9163 | 19.5s\n"}
,{"stream_name":"stdout","time":1037.526916255,"data":"Epoch 18/20 | Train Loss: 0.0155 Acc: 0.9964 | Val Loss: 0.5606 F1: 0.9215 | 19.4s\n"}
,{"stream_name":"stdout","time":1057.807833761,"data":"Epoch 19/20 | Train Loss: 0.0164 Acc: 0.9964 | Val Loss: 0.7265 F1: 0.9110 | 20.3s\n"}
,{"stream_name":"stdout","time":1077.577475192,"data":"Epoch 20/20 | Train Loss: 0.0187 Acc: 0.9963 | Val Loss: 0.5891 F1: 0.9188 | 19.8s\n"}
,{"stream_name":"stdout","time":1079.260891636,"data":"\n"}
,{"stream_name":"stdout","time":1079.260927956,"data":"--- sensor_bilstm Final Results ---\n"}
,{"stream_name":"stdout","time":1079.260934894,"data":"Accuracy:  0.9224\n"}
,{"stream_name":"stdout","time":1079.260940704,"data":"Precision: 0.9225\n"}
,{"stream_name":"stdout","time":1079.260946442,"data":"Recall:    0.9224\n"}
,{"stream_name":"stdout","time":1079.260976392,"data":"F1-Score:  0.9215\n"}
,{"stream_name":"stdout","time":1079.260985112,"data":"                        precision    recall  f1-score   support\n"}
,{"stream_name":"stdout","time":1079.260987826,"data":"\n"}
,{"stream_name":"stdout","time":1079.260990202,"data":"               NoBody1       0.88      0.96      0.92       529\n"}
,{"stream_name":"stdout","time":1079.26099259,"data":"                NoNose       0.91      0.96      0.94      5320\n"}
,{"stream_name":"stdout","time":1079.26099509,"data":"        NoNose_NoBody2       0.88      0.95      0.91      4944\n"}
,{"stream_name":"stdout","time":1079.260997506,"data":"NoNose_NoBody2_NoBody1       0.87      0.76      0.81      4482\n"}
,{"stream_name":"stdout","time":1079.260999911,"data":"                Normal       0.96      0.95      0.95     14857\n"}
,{"stream_name":"stdout","time":1079.261002262,"data":"\n"}
,{"stream_name":"stdout","time":1079.261004974,"data":"              accuracy                           0.92     30132\n"}
,{"stream_name":"stdout","time":1079.261007447,"data":"             macro avg       0.90      0.92      0.91     30132\n"}
,{"stream_name":"stdout","time":1079.261009786,"data":"          weighted avg       0.92      0.92      0.92     30132\n"}
,{"stream_name":"stdout","time":1079.261012191,"data":"\n"}
,{"stream_name":"stdout","time":1079.450616669,"data":"이미지 클래스 분포: {np.int64(4): 3825, np.int64(1): 4245, np.int64(2): 6871, np.int64(0): 1093, np.int64(3): 7504}\n"}
,{"stream_name":"stdout","time":1079.450655886,"data":"이미지 전용 class weights: [2.7056846618652344, 0.6966579556465149, 0.43040502071380615, 0.3940982222557068, 0.7731537818908691]\n"}
,{"stream_name":"stdout","time":1079.52407712,"data":"Downloading: \"https://download.pytorch.org/models/resnet18-f37072fd.pth\" to /root/.cache/torch/hub/checkpoints/resnet18-f37072fd.pth\n"}
,{"stream_name":"stderr","time":1079.62597561,"data":"\r  0%|          | 0.00/44.7M [00:00\u003c?, ?B/s]\n"}
,{"stream_name":"stderr","time":1079.726794913,"data":"\r  0%|          | 0.00/44.7M [00:00\u003c?, ?B/s]\r 19%|█▉        | 8.38M/44.7M [00:00\u003c00:00, 87.5MB/s]\n"}
,{"stream_name":"stderr","time":1079.826859039,"data":"\r 19%|█▉        | 8.38M/44.7M [00:00\u003c00:00, 87.5MB/s]\r 58%|█████▊    | 26.1M/44.7M [00:00\u003c00:00, 145MB/s] \n"}
,{"stream_name":"stderr","time":1079.927318873,"data":"\r 58%|█████▊    | 26.1M/44.7M [00:00\u003c00:00, 145MB/s] \r 99%|█████████▊| 44.0M/44.7M [00:00\u003c00:00, 164MB/s]\n"}
,{"stream_name":"stderr","time":1079.931372772,"data":"\r 99%|█████████▊| 44.0M/44.7M [00:00\u003c00:00, 164MB/s]\r100%|██████████| 44.7M/44.7M [00:00\u003c00:00, 153MB/s]\n"}
,{"stream_name":"stdout","time":1080.001679766,"data":"\n"}
,{"stream_name":"stdout","time":1080.00172736,"data":"============================================================\n"}
,{"stream_name":"stdout","time":1080.001732653,"data":" image_resnet18 | Trainable params: 11,242,821\n"}
,{"stream_name":"stdout","time":1080.001738261,"data":"============================================================\n"}
,{"stream_name":"stderr","time":1080.002925346,"data":"\r100%|██████████| 44.7M/44.7M [00:00\u003c00:00, 153MB/s]\n"}
,{"stream_name":"stderr","time":1080.002946676,"data":"\n"}
,{"stream_name":"stderr","time":1080.002976406,"data":"\n"}
,{"stream_name":"stdout","time":1679.828172457,"data":"Epoch  1/20 | Train Loss: 1.1287 Acc: 0.4816 | Val Loss: 1.1078 F1: 0.5232 | 599.8s\n"}
,{"stream_name":"stdout","time":2256.976036887,"data":"Epoch  2/20 | Train Loss: 0.9464 Acc: 0.6081 | Val Loss: 1.5321 F1: 0.4479 | 577.1s\n"}
,{"stream_name":"stdout","time":2827.792743269,"data":"Epoch  3/20 | Train Loss: 0.8480 Acc: 0.6783 | Val Loss: 0.4617 F1: 0.9465 | 570.7s\n"}
,{"stream_name":"stdout","time":3390.712435229,"data":"Epoch  4/20 | Train Loss: 0.5683 Acc: 0.8272 | Val Loss: 0.2556 F1: 0.9632 | 562.8s\n"}
,{"stream_name":"stdout","time":3942.0560775,"data":"Epoch  5/20 | Train Loss: 0.4398 Acc: 0.8561 | Val Loss: 1.4392 F1: 0.5280 | 551.3s\n"}
,{"stream_name":"stdout","time":4489.639082285,"data":"Epoch  6/20 | Train Loss: 0.4083 Acc: 0.8646 | Val Loss: 0.4386 F1: 0.8895 | 547.6s\n"}
,{"stream_name":"stdout","time":5026.948155955,"data":"Epoch  7/20 | Train Loss: 0.3604 Acc: 0.8769 | Val Loss: 0.2648 F1: 0.9298 | 537.3s\n"}
,{"stream_name":"stdout","time":5586.22274011,"data":"Epoch  8/20 | Train Loss: 0.3515 Acc: 0.8802 | Val Loss: 0.1702 F1: 0.9780 | 559.1s\n"}
,{"stream_name":"stdout","time":6138.992764615,"data":"Epoch  9/20 | Train Loss: 0.3451 Acc: 0.8813 | Val Loss: 0.4270 F1: 0.9134 | 552.7s\n"}
,{"stream_name":"stdout","time":6675.134068424,"data":"Epoch 10/20 | Train Loss: 0.3176 Acc: 0.8916 | Val Loss: 0.0924 F1: 0.9679 | 536.2s\n"}
,{"stream_name":"stdout","time":7212.742141474,"data":"Epoch 11/20 | Train Loss: 0.1768 Acc: 0.9508 | Val Loss: 0.0642 F1: 0.9795 | 537.4s\n"}
,{"stream_name":"stdout","time":7756.514652728,"data":"Epoch 12/20 | Train Loss: 0.1274 Acc: 0.9650 | Val Loss: 0.0871 F1: 0.9727 | 543.8s\n"}
,{"stream_name":"stdout","time":8291.929363629,"data":"Epoch 13/20 | Train Loss: 0.1065 Acc: 0.9714 | Val Loss: 0.1866 F1: 0.9448 | 535.4s\n"}
,{"stream_name":"stdout","time":8825.873573894,"data":"Epoch 14/20 | Train Loss: 0.0929 Acc: 0.9776 | Val Loss: 0.1946 F1: 0.9535 | 533.9s\n"}
,{"stream_name":"stdout","time":9371.738770783,"data":"Epoch 15/20 | Train Loss: 0.0840 Acc: 0.9799 | Val Loss: 0.2914 F1: 0.9447 | 545.9s\n"}
,{"stream_name":"stdout","time":9918.950881614,"data":"Epoch 16/20 | Train Loss: 0.0787 Acc: 0.9836 | Val Loss: 0.1124 F1: 0.9691 | 547.2s\n"}
,{"stream_name":"stdout","time":10467.060185537,"data":"Epoch 17/20 | Train Loss: 0.0734 Acc: 0.9839 | Val Loss: 0.5643 F1: 0.9168 | 548.1s\n"}
,{"stream_name":"stdout","time":11026.644434485,"data":"Epoch 18/20 | Train Loss: 0.0372 Acc: 0.9919 | Val Loss: 0.2402 F1: 0.9695 | 559.6s\n"}
,{"stream_name":"stdout","time":11617.810437931,"data":"Epoch 19/20 | Train Loss: 0.0363 Acc: 0.9926 | Val Loss: 0.3921 F1: 0.9350 | 591.2s\n"}
,{"stream_name":"stdout","time":12170.124927072,"data":"Epoch 20/20 | Train Loss: 0.0378 Acc: 0.9921 | Val Loss: 0.5867 F1: 0.8643 | 552.1s\n"}
,{"stream_name":"stdout","time":12243.663545347,"data":"\n"}
,{"stream_name":"stdout","time":12243.663583208,"data":"--- image_resnet18 Final Results ---\n"}
,{"stream_name":"stdout","time":12243.663590026,"data":"Accuracy:  0.9796\n"}
,{"stream_name":"stdout","time":12243.663594852,"data":"Precision: 0.9808\n"}
,{"stream_name":"stdout","time":12243.663599672,"data":"Recall:    0.9796\n"}
,{"stream_name":"stdout","time":12243.66360428,"data":"F1-Score:  0.9795\n"}
,{"stream_name":"stdout","time":12243.663608941,"data":"                        precision    recall  f1-score   support\n"}
,{"stream_name":"stdout","time":12243.663613789,"data":"\n"}
,{"stream_name":"stdout","time":12243.663619007,"data":"               NoBody1       1.00      1.00      1.00       219\n"}
,{"stream_name":"stdout","time":12243.663623855,"data":"                NoNose       1.00      0.93      0.97      1704\n"}
,{"stream_name":"stdout","time":12243.663628612,"data":"        NoNose_NoBody2       0.94      1.00      0.97      1670\n"}
,{"stream_name":"stdout","time":12243.663633612,"data":"NoNose_NoBody2_NoBody1       1.00      1.00      1.00      1480\n"}
,{"stream_name":"stdout","time":12243.663647714,"data":"                Normal       1.00      1.00      1.00       505\n"}
,{"stream_name":"stdout","time":12243.663651485,"data":"\n"}
,{"stream_name":"stdout","time":12243.663654862,"data":"              accuracy                           0.98      5578\n"}
,{"stream_name":"stdout","time":12243.663658524,"data":"             macro avg       0.99      0.99      0.99      5578\n"}
,{"stream_name":"stdout","time":12243.663662953,"data":"          weighted avg       0.98      0.98      0.98      5578\n"}
,{"stream_name":"stdout","time":12243.663666582,"data":"\n"}
,{"stream_name":"stdout","time":12243.886987782,"data":"Creating multimodal dataset...\n"}
,{"stream_name":"stdout","time":12245.620632573,"data":"Train: (39624, 50, 22), images: 21675\n"}
,{"stream_name":"stdout","time":12245.620659523,"data":"Test:  (9521, 50, 22), images: 5095\n"}
,{"stream_name":"stdout","time":12245.620678519,"data":"Fusion class dist: {4: 20342, 1: 4579, 2: 6871, 0: 328, 3: 7504}\n"}
,{"stream_name":"stdout","time":12245.620704985,"data":"Fusion class weights: [4.240153789520264, 0.3037279546260834, 0.20241163671016693, 0.18533720076084137, 0.06836940348148346]\n"}
,{"stream_name":"stdout","time":12245.942589656,"data":"\n"}
,{"stream_name":"stdout","time":12245.942622001,"data":"============================================================\n"}
,{"stream_name":"stdout","time":12245.942629206,"data":" fusion_dlf | Trainable params: 198,149\n"}
,{"stream_name":"stdout","time":12245.94263604,"data":"============================================================\n"}
,{"stream_name":"stdout","time":12632.005320937,"data":"Epoch  1/20 | Train Loss: 0.0275 Acc: 0.9950 | Val Loss: 0.2920 F1: 0.9325 | 385.9s\n"}
,{"stream_name":"stdout","time":13017.087921471,"data":"Epoch  2/20 | Train Loss: 0.0081 Acc: 0.9975 | Val Loss: 0.2568 F1: 0.9354 | 385.0s\n"}
,{"stream_name":"stdout","time":13401.564419646,"data":"Epoch  3/20 | Train Loss: 0.0079 Acc: 0.9976 | Val Loss: 0.1913 F1: 0.9643 | 384.4s\n"}
,{"stream_name":"stdout","time":13786.84587592,"data":"Epoch  4/20 | Train Loss: 0.0073 Acc: 0.9979 | Val Loss: 0.1731 F1: 0.9457 | 385.3s\n"}
,{"stream_name":"stdout","time":14169.929802407,"data":"Epoch  5/20 | Train Loss: 0.0091 Acc: 0.9981 | Val Loss: 0.2105 F1: 0.9504 | 383.1s\n"}
,{"stream_name":"stdout","time":14554.019762577,"data":"Epoch  6/20 | Train Loss: 0.0068 Acc: 0.9980 | Val Loss: 0.3290 F1: 0.9319 | 384.1s\n"}
,{"stream_name":"stdout","time":14938.279568039,"data":"Epoch  7/20 | Train Loss: 0.0106 Acc: 0.9976 | Val Loss: 0.2432 F1: 0.9313 | 384.3s\n"}
,{"stream_name":"stdout","time":15328.30529482,"data":"Epoch  8/20 | Train Loss: 0.0068 Acc: 0.9980 | Val Loss: 0.2870 F1: 0.9127 | 390.0s\n"}
,{"stream_name":"stdout","time":15734.903634814,"data":"Epoch  9/20 | Train Loss: 0.0057 Acc: 0.9985 | Val Loss: 0.1921 F1: 0.9476 | 406.6s\n"}
,{"stream_name":"stdout","time":16130.979778366,"data":"Epoch 10/20 | Train Loss: 0.0064 Acc: 0.9981 | Val Loss: 0.3261 F1: 0.9320 | 396.1s\n"}
,{"stream_name":"stdout","time":16526.66316189,"data":"Epoch 11/20 | Train Loss: 0.0070 Acc: 0.9985 | Val Loss: 0.2422 F1: 0.9294 | 395.7s\n"}
,{"stream_name":"stdout","time":16937.511209131,"data":"Epoch 12/20 | Train Loss: 0.0063 Acc: 0.9986 | Val Loss: 0.1939 F1: 0.9466 | 410.8s\n"}
,{"stream_name":"stdout","time":17349.817944015,"data":"Epoch 13/20 | Train Loss: 0.0045 Acc: 0.9986 | Val Loss: 0.1993 F1: 0.9641 | 412.3s\n"}
,{"stream_name":"stdout","time":17349.81798875,"data":"Early stopping at epoch 13\n"}
,{"stream_name":"stdout","time":17427.857456921,"data":"\n"}
,{"stream_name":"stdout","time":17427.857498745,"data":"--- fusion_dlf Final Results ---\n"}
,{"stream_name":"stdout","time":17427.857517609,"data":"Accuracy:  0.9636\n"}
,{"stream_name":"stdout","time":17427.857535697,"data":"Precision: 0.9676\n"}
,{"stream_name":"stdout","time":17427.857540341,"data":"Recall:    0.9636\n"}
,{"stream_name":"stdout","time":17427.857544016,"data":"F1-Score:  0.9643\n"}
,{"stream_name":"stdout","time":17427.857547587,"data":"                        precision    recall  f1-score   support\n"}
,{"stream_name":"stdout","time":17427.857551337,"data":"\n"}
,{"stream_name":"stdout","time":17427.857554976,"data":"               NoBody1       0.88      1.00      0.93        57\n"}
,{"stream_name":"stdout","time":17427.857558781,"data":"                NoNose       0.98      0.97      0.98      1704\n"}
,{"stream_name":"stdout","time":17427.857562518,"data":"        NoNose_NoBody2       0.97      0.94      0.95      1670\n"}
,{"stream_name":"stdout","time":17427.857566167,"data":"NoNose_NoBody2_NoBody1       0.85      1.00      0.92      1480\n"}
,{"stream_name":"stdout","time":17427.857569853,"data":"                Normal       1.00      0.96      0.98      4610\n"}
,{"stream_name":"stdout","time":17427.857573568,"data":"\n"}
,{"stream_name":"stdout","time":17427.857576964,"data":"              accuracy                           0.96      9521\n"}
,{"stream_name":"stdout","time":17427.857580615,"data":"             macro avg       0.94      0.97      0.95      9521\n"}
,{"stream_name":"stdout","time":17427.857584491,"data":"          weighted avg       0.97      0.96      0.96      9521\n"}
,{"stream_name":"stdout","time":17427.857593757,"data":"\n"}
,{"stream_name":"stdout","time":17427.918369146,"data":"\n"}
,{"stream_name":"stdout","time":17427.918412367,"data":"============================================================\n"}
,{"stream_name":"stdout","time":17427.918417862,"data":" fusion_crossattn | Trainable params: 593,413\n"}
,{"stream_name":"stdout","time":17427.918422258,"data":"============================================================\n"}
,{"stream_name":"stdout","time":17844.908077404,"data":"Epoch  1/20 | Train Loss: 0.0537 Acc: 0.9929 | Val Loss: 0.6847 F1: 0.8803 | 416.9s\n"}
,{"stream_name":"stdout","time":18251.379200244,"data":"Epoch  2/20 | Train Loss: 0.0219 Acc: 0.9960 | Val Loss: 0.7519 F1: 0.8776 | 406.5s\n"}
,{"stream_name":"stdout","time":18656.467585062,"data":"Epoch  3/20 | Train Loss: 0.0299 Acc: 0.9955 | Val Loss: 0.8022 F1: 0.8763 | 405.1s\n"}
,{"stream_name":"stdout","time":19063.36481585,"data":"Epoch  4/20 | Train Loss: 0.0280 Acc: 0.9955 | Val Loss: 0.7356 F1: 0.8824 | 406.8s\n"}
,{"stream_name":"stdout","time":19467.606108182,"data":"Epoch  5/20 | Train Loss: 0.0160 Acc: 0.9957 | Val Loss: 0.7743 F1: 0.8781 | 404.2s\n"}
,{"stream_name":"stdout","time":19874.688488519,"data":"Epoch  6/20 | Train Loss: 0.0113 Acc: 0.9966 | Val Loss: 0.7097 F1: 0.8782 | 407.1s\n"}
,{"stream_name":"stdout","time":20277.374706856,"data":"Epoch  7/20 | Train Loss: 0.0145 Acc: 0.9966 | Val Loss: 0.6813 F1: 0.8843 | 402.6s\n"}
,{"stream_name":"stdout","time":20682.7139907,"data":"Epoch  8/20 | Train Loss: 0.0158 Acc: 0.9966 | Val Loss: 0.5562 F1: 0.8925 | 405.2s\n"}
,{"stream_name":"stdout","time":21089.06320899,"data":"Epoch  9/20 | Train Loss: 0.0128 Acc: 0.9967 | Val Loss: 0.8808 F1: 0.8788 | 406.3s\n"}
,{"stream_name":"stdout","time":21495.34543467,"data":"Epoch 10/20 | Train Loss: 0.0149 Acc: 0.9964 | Val Loss: 0.6498 F1: 0.8849 | 406.3s\n"}
,{"stream_name":"stdout","time":21898.027905727,"data":"Epoch 11/20 | Train Loss: 0.0112 Acc: 0.9969 | Val Loss: 0.4045 F1: 0.9018 | 402.6s\n"}
,{"stream_name":"stdout","time":22303.953071416,"data":"Epoch 12/20 | Train Loss: 0.0114 Acc: 0.9975 | Val Loss: 0.7756 F1: 0.8820 | 405.9s\n"}
,{"stream_name":"stdout","time":22708.581370711,"data":"Epoch 13/20 | Train Loss: 0.0112 Acc: 0.9969 | Val Loss: 0.7010 F1: 0.8850 | 404.6s\n"}
,{"stream_name":"stdout","time":23114.614023362,"data":"Epoch 14/20 | Train Loss: 0.0083 Acc: 0.9976 | Val Loss: 0.7996 F1: 0.8821 | 406.0s\n"}
,{"stream_name":"stdout","time":23517.876616197,"data":"Epoch 15/20 | Train Loss: 0.0084 Acc: 0.9974 | Val Loss: 0.7350 F1: 0.8856 | 403.3s\n"}
,{"stream_name":"stdout","time":23918.189795769,"data":"Epoch 16/20 | Train Loss: 0.0100 Acc: 0.9975 | Val Loss: 0.6052 F1: 0.8938 | 400.3s\n"}
,{"stream_name":"stdout","time":24318.320270326,"data":"Epoch 17/20 | Train Loss: 0.0147 Acc: 0.9973 | Val Loss: 0.5082 F1: 0.9084 | 400.0s\n"}
,{"stream_name":"stdout","time":24722.167259317,"data":"Epoch 18/20 | Train Loss: 0.0069 Acc: 0.9983 | Val Loss: 0.6122 F1: 0.8896 | 403.9s\n"}
,{"stream_name":"stdout","time":25127.061162437,"data":"Epoch 19/20 | Train Loss: 0.0062 Acc: 0.9981 | Val Loss: 0.4323 F1: 0.9205 | 404.8s\n"}
,{"stream_name":"stdout","time":25529.846981877,"data":"Epoch 20/20 | Train Loss: 0.0061 Acc: 0.9980 | Val Loss: 0.4686 F1: 0.9037 | 402.7s\n"}
,{"stream_name":"stdout","time":25604.849305442,"data":"\n"}
,{"stream_name":"stdout","time":25604.849346137,"data":"--- fusion_crossattn Final Results ---\n"}
,{"stream_name":"stdout","time":25604.849352785,"data":"Accuracy:  0.9201\n"}
,{"stream_name":"stdout","time":25604.849357448,"data":"Precision: 0.9220\n"}
,{"stream_name":"stdout","time":25604.849361874,"data":"Recall:    0.9201\n"}
,{"stream_name":"stdout","time":25604.849367787,"data":"F1-Score:  0.9205\n"}
,{"stream_name":"stdout","time":25604.849373618,"data":"                        precision    recall  f1-score   support\n"}
,{"stream_name":"stdout","time":25604.849377935,"data":"\n"}
,{"stream_name":"stdout","time":25604.849382648,"data":"               NoBody1       0.86      0.95      0.90        57\n"}
,{"stream_name":"stdout","time":25604.84938808,"data":"                NoNose       0.97      0.97      0.97      1704\n"}
,{"stream_name":"stdout","time":25604.84939304,"data":"        NoNose_NoBody2       0.82      0.91      0.86      1670\n"}
,{"stream_name":"stdout","time":25604.849397658,"data":"NoNose_NoBody2_NoBody1       0.79      0.75      0.77      1480\n"}
,{"stream_name":"stdout","time":25604.84940229,"data":"                Normal       0.98      0.96      0.97      4610\n"}
,{"stream_name":"stdout","time":25604.84940685,"data":"\n"}
,{"stream_name":"stdout","time":25604.849411373,"data":"              accuracy                           0.92      9521\n"}
,{"stream_name":"stdout","time":25604.849416094,"data":"             macro avg       0.88      0.91      0.90      9521\n"}
,{"stream_name":"stdout","time":25604.849425358,"data":"          weighted avg       0.92      0.92      0.92      9521\n"}
,{"stream_name":"stdout","time":25604.849430821,"data":"\n"}
,{"stream_name":"stdout","time":25679.293594681,"data":"\n"}
,{"stream_name":"stdout","time":25679.293640812,"data":"========================================================================\n"}
,{"stream_name":"stdout","time":25679.293647545,"data":" FAIR COMPARISON  (all models on the SAME cycle 4·9 test set)\n"}
,{"stream_name":"stdout","time":25679.293653271,"data":"========================================================================\n"}
,{"stream_name":"stdout","time":25679.293658403,"data":"Model                           Accuracy Precision    Recall        F1\n"}
,{"stream_name":"stdout","time":25679.293663759,"data":"------------------------------------------------------------------------\n"}
,{"stream_name":"stdout","time":25679.293669022,"data":"Sensor@cyc4_9                     0.8763    0.8707    0.8763    0.8710\n"}
,{"stream_name":"stdout","time":25679.293674447,"data":"Image@cyc4_9                      0.9825    0.9841    0.9825    0.9824\n"}
,{"stream_name":"stdout","time":25679.293706517,"data":"Fusion-Concat                     0.9636    0.9676    0.9636    0.9643\n"}
,{"stream_name":"stdout","time":25679.293713565,"data":"Fusion-CrossAttn                  0.9201    0.9220    0.9201    0.9205\n"}
,{"stream_name":"stdout","time":25679.293717444,"data":"========================================================================\n"}
,{"stream_name":"stdout","time":25679.293721711,"data":"\n"}
,{"stream_name":"stdout","time":25679.293726061,"data":"[GOAL] 센서@cyc4_9 F1=0.8710 | best Fusion F1=0.9643 | DONE: Fusion\u003e=Sensor\n"}
,{"stream_name":"stdout","time":26065.746250359,"data":"\n"}
,{"stream_name":"stdout","time":26065.746311627,"data":"========================================================================\n"}
,{"stream_name":"stdout","time":26065.746319992,"data":" DECISION-LEVEL FUSION (late) | best image weight w=0.50 (tuned on train)\n"}
,{"stream_name":"stdout","time":26065.746324891,"data":"========================================================================\n"}
,{"stream_name":"stdout","time":26065.746329538,"data":"Sensor@cyc4_9      F1 : 0.8710\n"}
,{"stream_name":"stdout","time":26065.74633413,"data":"Fusion-Concat      F1 : 0.9643\n"}
,{"stream_name":"stdout","time":26065.74633921,"data":"Decision-Fusion    F1 : 0.9592   (img-present 5095/9521)\n"}
,{"stream_name":"stdout","time":26065.746349602,"data":"========================================================================\n"}
,{"stream_name":"stdout","time":26065.746366094,"data":"[GOAL-DLF] *** ACHIEVED: Decision-Fusion \u003e Sensor ***\n"}
,{"stream_name":"stdout","time":26065.746372759,"data":"========================================================================\n"}
,{"stream_name":"stdout","time":26067.803787932,"data":"\n"}
,{"stream_name":"stdout","time":26067.80382724,"data":"======================================================================\n"}
,{"stream_name":"stdout","time":26067.803834377,"data":" FINAL RESULTS SUMMARY\n"}
,{"stream_name":"stdout","time":26067.803839285,"data":"======================================================================\n"}
,{"stream_name":"stdout","time":26067.803844588,"data":"Model                       Accuracy  Precision     Recall         F1\n"}
,{"stream_name":"stdout","time":26067.803849103,"data":"----------------------------------------------------------------------\n"}
,{"stream_name":"stdout","time":26067.803853756,"data":"Sensor (BiLSTM)               0.9224     0.9225     0.9224     0.9215\n"}
,{"stream_name":"stdout","time":26067.803858306,"data":"Image (ResNet18)              0.9796     0.9808     0.9796     0.9795\n"}
,{"stream_name":"stdout","time":26067.803862905,"data":"Fusion-Concat                 0.9636     0.9676     0.9636     0.9643\n"}
,{"stream_name":"stdout","time":26067.803867487,"data":"Fusion-CrossAttn              0.9201     0.9220     0.9201     0.9205\n"}
,{"stream_name":"stdout","time":26067.803873773,"data":"======================================================================\n"}
,{"stream_name":"stdout","time":26067.803879023,"data":"\n"}
,{"stream_name":"stdout","time":26067.803884101,"data":"Done!\n"}
,{"stream_name":"stderr","time":26075.719598776,"data":"/usr/local/lib/python3.12/dist-packages/mistune.py:435: SyntaxWarning: invalid escape sequence '\\|'\n"}
,{"stream_name":"stderr","time":26075.719648468,"data":"  cells[i][c] = re.sub('\\\\\\\\\\|', '|', cell)\n"}
,{"stream_name":"stderr","time":26076.239822424,"data":"/usr/local/lib/python3.12/dist-packages/nbconvert/filters/filter_links.py:36: SyntaxWarning: invalid escape sequence '\\_'\n"}
,{"stream_name":"stderr","time":26076.239858793,"data":"  text = re.sub(r'_', '\\_', text) # Escape underscores in display text\n"}
,{"stream_name":"stderr","time":26077.931138833,"data":"[NbConvertApp] Converting notebook __notebook__.ipynb to notebook\n"}
,{"stream_name":"stderr","time":26078.266005067,"data":"[NbConvertApp] Writing 501749 bytes to __notebook__.ipynb\n"}
,{"stream_name":"stderr","time":26080.700333375,"data":"[NbConvertApp] Converting notebook __notebook__.ipynb to html\n"}
,{"stream_name":"stderr","time":26082.399773351,"data":"[NbConvertApp] Support files will be in __results___files/\n"}
,{"stream_name":"stderr","time":26082.399817047,"data":"[NbConvertApp] Making directory __results___files\n"}
,{"stream_name":"stderr","time":26082.400238302,"data":"[NbConvertApp] Making directory __results___files\n"}
,{"stream_name":"stderr","time":26082.400450395,"data":"[NbConvertApp] Making directory __results___files\n"}
,{"stream_name":"stderr","time":26082.400728427,"data":"[NbConvertApp] Making directory __results___files\n"}
,{"stream_name":"stderr","time":26082.401154624,"data":"[NbConvertApp] Writing 498900 bytes to __results__.html\n"}
]